La génération a démarré 11/04/2014 09:47:18.
     1>Projet "C:\Users\perreiradasil-m\Desktop\openFrameworks-VS2013\openFrameworks-VS2013\addons\ofxBox2d\example-Simple\example-Simple.vcxproj" sur le nœud 2 (Build cible(s)).
     1>ClCompile:
         C:\Program Files (x86)\Microsoft Visual Studio 12.0\VC\bin\CL.exe /c /I..\..\..\libs\openFrameworks /I..\..\..\libs\openFrameworks\graphics /I..\..\..\libs\openFrameworks\app /I..\..\..\libs\openFrameworks\sound /I..\..\..\libs\openFrameworks\utils /I..\..\..\libs\openFrameworks\communication /I..\..\..\libs\openFrameworks\video /I..\..\..\libs\openFrameworks\types /I..\..\..\libs\openFrameworks\math /I..\..\..\libs\openFrameworks\3d /I..\..\..\libs\openFrameworks\gl /I..\..\..\libs\openFrameworks\events /I..\..\..\libs\glut\include /I..\..\..\libs\rtAudio\include /I..\..\..\libs\quicktime\include /I..\..\..\libs\freetype\include /I..\..\..\libs\freetype\include\freetype2 /I..\..\..\libs\freeImage\include /I..\..\..\libs\fmodex\include /I..\..\..\libs\videoInput\include /I..\..\..\libs\glew\include\ /I..\..\..\libs\glu\include /I..\..\..\libs\tess2\include /I..\..\..\libs\cairo\include\cairo /I..\..\..\libs\poco\include /I..\..\..\libs\glfw\include /I..\..\..\libs\openssl\include /I..\..\..\addons /Isrc /I..\..\..\addons\ofxBox2d\libs /I..\..\..\addons\ofxBox2d\libs\Box2D /I..\..\..\addons\ofxBox2d\libs\Box2D\Collision /I..\..\..\addons\ofxBox2d\libs\Box2D\Collision\Shapes /I..\..\..\addons\ofxBox2d\libs\Box2D\Common /I..\..\..\addons\ofxBox2d\libs\Box2D\Dynamics /I..\..\..\addons\ofxBox2d\libs\Box2D\Dynamics\Contacts /I..\..\..\addons\ofxBox2d\libs\Box2D\Dynamics\Joints /I..\..\..\addons\ofxBox2d\libs\triangle /I..\..\..\addons\ofxBox2d\src /ZI /nologo /W3 /WX- /Od /Oy- /D NO_TIMER /D WIN32 /D _DEBUG /D _CONSOLE /D POCO_STATIC /D CAIRO_WIN32_STATIC_BUILD /D DISABLE_SOME_FLOATING_POINT /D _UNICODE /D UNICODE /Gm /EHsc /RTC1 /MDd /GS /fp:precise /Zc:wchar_t /Zc:forScope /Fo"obj\Debug\\" /Fd"obj\Debug\vc120.pdb" /Gd /TP /analyze- /errorReport:prompt ..\libs\Box2D\Collision\Shapes\b2ChainShape.cpp
         b2ChainShape.cpp
       Link:
         C:\Program Files (x86)\Microsoft Visual Studio 12.0\VC\bin\link.exe /ERRORREPORT:PROMPT /OUT:"bin\example-Simple_debug.exe" /INCREMENTAL /NOLOGO /LIBPATH:..\..\..\libs\glut\lib\vs /LIBPATH:..\..\..\libs\glfw\lib\vs /LIBPATH:..\..\..\libs\rtAudio\lib\vs /LIBPATH:..\..\..\libs\FreeImage\lib\vs /LIBPATH:..\..\..\libs\freetype\lib\vs /LIBPATH:..\..\..\libs\quicktime\lib\vs /LIBPATH:..\..\..\libs\fmodex\lib\vs /LIBPATH:..\..\..\libs\videoInput\lib\vs /LIBPATH:..\..\..\libs\cairo\lib\vs /LIBPATH:..\..\..\libs\glew\lib\vs /LIBPATH:..\..\..\libs\glu\lib\vs /LIBPATH:..\..\..\libs\openssl\lib\vs /LIBPATH:..\..\..\libs\Poco\lib\vs /LIBPATH:..\..\..\libs\tess2\lib\vs "cairo-static.lib" "pixman-1.lib" msimg32.lib OpenGL32.lib GLu32.lib kernel32.lib setupapi.lib Vfw32.lib comctl32.lib glut32.lib rtAudioD.lib videoInputD.lib libfreetype.lib FreeImage.lib qtmlClient.lib dsound.lib user32.lib gdi32.lib winspool.lib comdlg32.lib advapi32.lib shell32.lib ole32.lib oleaut32.lib uuid.lib glew32s.lib fmodex_vc.lib glu32.lib ssleay32MD.lib libeay32MD.lib crypt32.lib PocoFoundationmdd.lib PocoNetmdd.lib PocoUtilmdd.lib PocoXMLmdd.lib Ws2_32.lib tess2.lib glfw3.lib kernel32.lib user32.lib gdi32.lib winspool.lib comdlg32.lib advapi32.lib shell32.lib ole32.lib oleaut32.lib uuid.lib odbc32.lib odbccp32.lib /NODEFAULTLIB:PocoFoundationmdd.lib /NODEFAULTLIB:atlthunk.lib /NODEFAULTLIB:msvcrt /NODEFAULTLIB:libcmt /NODEFAULTLIB:LIBC /NODEFAULTLIB:LIBCMTD /MANIFEST /MANIFESTUAC:"level='asInvoker' uiAccess='false'" /manifest:embed /DEBUG /PDB:"C:\Users\perreiradasil-m\Desktop\openFrameworks-VS2013\openFrameworks-VS2013\addons\ofxBox2d\example-Simple\bin\example-Simple_debug_debugInfo.pdb" /SUBSYSTEM:CONSOLE /TLBID:1 /DYNAMICBASE:NO /IMPLIB:"bin\example-Simple_debug.lib" /MACHINE:X86 /SAFESEH obj\Debug\b2CollideEdge.obj
         obj\Debug\b2ChainShape.obj
         obj\Debug\b2EdgeShape.obj
         obj\Debug\b2Draw.obj
         obj\Debug\b2Timer.obj
         obj\Debug\b2ChainAndCircleContact.obj
         obj\Debug\b2ChainAndPolygonContact.obj
         obj\Debug\b2EdgeAndCircleContact.obj
         obj\Debug\b2EdgeAndPolygonContact.obj
         obj\Debug\b2MotorJoint.obj
         obj\Debug\b2RopeJoint.obj
         obj\Debug\b2WheelJoint.obj
         obj\Debug\b2Rope.obj
         obj\Debug\main.obj
         obj\Debug\testApp.obj
         obj\Debug\ofxBox2d.obj
         obj\Debug\ofxBox2dBaseShape.obj
         obj\Debug\ofxBox2dCircle.obj
         obj\Debug\ofxBox2dJoint.obj
         obj\Debug\ofxBox2dPolygon.obj
         obj\Debug\ofxBox2dRect.obj
         obj\Debug\b2BroadPhase.obj
         obj\Debug\b2CollideCircle.obj
         obj\Debug\b2CollidePolygon.obj
         obj\Debug\b2Collision.obj
         obj\Debug\b2Distance.obj
         obj\Debug\b2DynamicTree.obj
         obj\Debug\b2TimeOfImpact.obj
         obj\Debug\b2CircleShape.obj
         obj\Debug\b2PolygonShape.obj
         obj\Debug\b2BlockAllocator.obj
         obj\Debug\b2Math.obj
         obj\Debug\b2Settings.obj
         obj\Debug\b2StackAllocator.obj
         obj\Debug\b2Body.obj
         obj\Debug\b2ContactManager.obj
         obj\Debug\b2Fixture.obj
         obj\Debug\b2Island.obj
         obj\Debug\b2World.obj
         obj\Debug\b2WorldCallbacks.obj
         obj\Debug\b2CircleContact.obj
         obj\Debug\b2Contact.obj
         obj\Debug\b2ContactSolver.obj
         obj\Debug\b2PolygonAndCircleContact.obj
         obj\Debug\b2PolygonContact.obj
         obj\Debug\b2DistanceJoint.obj
         obj\Debug\b2FrictionJoint.obj
         obj\Debug\b2GearJoint.obj
         obj\Debug\b2Joint.obj
         obj\Debug\b2MouseJoint.obj
         obj\Debug\b2PrismaticJoint.obj
         obj\Debug\b2PulleyJoint.obj
         obj\Debug\b2RevoluteJoint.obj
         obj\Debug\b2WeldJoint.obj
         obj\Debug\del_impl.obj
         "C:\Users\perreiradasil-m\Desktop\openFrameworks-VS2013\openFrameworks-VS2013\libs\openFrameworksCompiled\lib\vs\openframeworksLib_debug.lib"
     1>b2CollideEdge.obj : warning LNK4075: ' /EDITANDCONTINUE' ignoré à cause de la spécification '/SAFESEH'
            Création de la bibliothèque bin\example-Simple_debug.lib et de l'objet bin\example-Simple_debug.exp
     1>PocoFoundationmdd.lib(Ascii.obj) : warning LNK4099: PDB 'pocofoundationmdd.pdb' n'a pu être trouvé avec 'PocoFoundationmdd.lib(Ascii.obj)' ou sur 'C:\Users\perreiradasil-m\Desktop\openFrameworks-VS2013\openFrameworks-VS2013\addons\ofxBox2d\example-Simple\bin\pocofoundationmdd.pdb' ; l'objet sera lié sans informations de débogage
     1>PocoFoundationmdd.lib(AtomicCounter.obj) : warning LNK4099: PDB 'pocofoundationmdd.pdb' n'a pu être trouvé avec 'PocoFoundationmdd.lib(AtomicCounter.obj)' ou sur 'C:\Users\perreiradasil-m\Desktop\openFrameworks-VS2013\openFrameworks-VS2013\addons\ofxBox2d\example-Simple\bin\pocofoundationmdd.pdb' ; l'objet sera lié sans informations de débogage
     1>PocoFoundationmdd.lib(Bugcheck.obj) : warning LNK4099: PDB 'pocofoundationmdd.pdb' n'a pu être trouvé avec 'PocoFoundationmdd.lib(Bugcheck.obj)' ou sur 'C:\Users\perreiradasil-m\Desktop\openFrameworks-VS2013\openFrameworks-VS2013\addons\ofxBox2d\example-Simple\bin\pocofoundationmdd.pdb' ; l'objet sera lié sans informations de débogage
     1>PocoFoundationmdd.lib(Debugger.obj) : warning LNK4099: PDB 'pocofoundationmdd.pdb' n'a pu être trouvé avec 'PocoFoundationmdd.lib(Debugger.obj)' ou sur 'C:\Users\perreiradasil-m\Desktop\openFrameworks-VS2013\openFrameworks-VS2013\addons\ofxBox2d\example-Simple\bin\pocofoundationmdd.pdb' ; l'objet sera lié sans informations de débogage
     1>PocoFoundationmdd.lib(Environment.obj) : warning LNK4099: PDB 'pocofoundationmdd.pdb' n'a pu être trouvé avec 'PocoFoundationmdd.lib(Environment.obj)' ou sur 'C:\Users\perreiradasil-m\Desktop\openFrameworks-VS2013\openFrameworks-VS2013\addons\ofxBox2d\example-Simple\bin\pocofoundationmdd.pdb' ; l'objet sera lié sans informations de débogage
     1>PocoFoundationmdd.lib(Exception.obj) : warning LNK4099: PDB 'pocofoundationmdd.pdb' n'a pu être trouvé avec 'PocoFoundationmdd.lib(Exception.obj)' ou sur 'C:\Users\perreiradasil-m\Desktop\openFrameworks-VS2013\openFrameworks-VS2013\addons\ofxBox2d\example-Simple\bin\pocofoundationmdd.pdb' ; l'objet sera lié sans informations de débogage
     1>PocoFoundationmdd.lib(Format.obj) : warning LNK4099: PDB 'pocofoundationmdd.pdb' n'a pu être trouvé avec 'PocoFoundationmdd.lib(Format.obj)' ou sur 'C:\Users\perreiradasil-m\Desktop\openFrameworks-VS2013\openFrameworks-VS2013\addons\ofxBox2d\example-Simple\bin\pocofoundationmdd.pdb' ; l'objet sera lié sans informations de débogage
     1>PocoFoundationmdd.lib(Latin2Encoding.obj) : warning LNK4099: PDB 'pocofoundationmdd.pdb' n'a pu être trouvé avec 'PocoFoundationmdd.lib(Latin2Encoding.obj)' ou sur 'C:\Users\perreiradasil-m\Desktop\openFrameworks-VS2013\openFrameworks-VS2013\addons\ofxBox2d\example-Simple\bin\pocofoundationmdd.pdb' ; l'objet sera lié sans informations de débogage
     1>PocoFoundationmdd.lib(MemoryPool.obj) : warning LNK4099: PDB 'pocofoundationmdd.pdb' n'a pu être trouvé avec 'PocoFoundationmdd.lib(MemoryPool.obj)' ou sur 'C:\Users\perreiradasil-m\Desktop\openFrameworks-VS2013\openFrameworks-VS2013\addons\ofxBox2d\example-Simple\bin\pocofoundationmdd.pdb' ; l'objet sera lié sans informations de débogage
     1>PocoFoundationmdd.lib(NumberFormatter.obj) : warning LNK4099: PDB 'pocofoundationmdd.pdb' n'a pu être trouvé avec 'PocoFoundationmdd.lib(NumberFormatter.obj)' ou sur 'C:\Users\perreiradasil-m\Desktop\openFrameworks-VS2013\openFrameworks-VS2013\addons\ofxBox2d\example-Simple\bin\pocofoundationmdd.pdb' ; l'objet sera lié sans informations de débogage
     1>PocoFoundationmdd.lib(NumberParser.obj) : warning LNK4099: PDB 'pocofoundationmdd.pdb' n'a pu être trouvé avec 'PocoFoundationmdd.lib(NumberParser.obj)' ou sur 'C:\Users\perreiradasil-m\Desktop\openFrameworks-VS2013\openFrameworks-VS2013\addons\ofxBox2d\example-Simple\bin\pocofoundationmdd.pdb' ; l'objet sera lié sans informations de débogage
     1>PocoFoundationmdd.lib(RefCountedObject.obj) : warning LNK4099: PDB 'pocofoundationmdd.pdb' n'a pu être trouvé avec 'PocoFoundationmdd.lib(RefCountedObject.obj)' ou sur 'C:\Users\perreiradasil-m\Desktop\openFrameworks-VS2013\openFrameworks-VS2013\addons\ofxBox2d\example-Simple\bin\pocofoundationmdd.pdb' ; l'objet sera lié sans informations de débogage
     1>PocoFoundationmdd.lib(NumericString.obj) : warning LNK4099: PDB 'pocofoundationmdd.pdb' n'a pu être trouvé avec 'PocoFoundationmdd.lib(NumericString.obj)' ou sur 'C:\Users\perreiradasil-m\Desktop\openFrameworks-VS2013\openFrameworks-VS2013\addons\ofxBox2d\example-Simple\bin\pocofoundationmdd.pdb' ; l'objet sera lié sans informations de débogage
     1>PocoFoundationmdd.lib(StringTokenizer.obj) : warning LNK4099: PDB 'pocofoundationmdd.pdb' n'a pu être trouvé avec 'PocoFoundationmdd.lib(StringTokenizer.obj)' ou sur 'C:\Users\perreiradasil-m\Desktop\openFrameworks-VS2013\openFrameworks-VS2013\addons\ofxBox2d\example-Simple\bin\pocofoundationmdd.pdb' ; l'objet sera lié sans informations de débogage
     1>PocoFoundationmdd.lib(UTF32Encoding.obj) : warning LNK4099: PDB 'pocofoundationmdd.pdb' n'a pu être trouvé avec 'PocoFoundationmdd.lib(UTF32Encoding.obj)' ou sur 'C:\Users\perreiradasil-m\Desktop\openFrameworks-VS2013\openFrameworks-VS2013\addons\ofxBox2d\example-Simple\bin\pocofoundationmdd.pdb' ; l'objet sera lié sans informations de débogage
     1>PocoFoundationmdd.lib(Var.obj) : warning LNK4099: PDB 'pocofoundationmdd.pdb' n'a pu être trouvé avec 'PocoFoundationmdd.lib(Var.obj)' ou sur 'C:\Users\perreiradasil-m\Desktop\openFrameworks-VS2013\openFrameworks-VS2013\addons\ofxBox2d\example-Simple\bin\pocofoundationmdd.pdb' ; l'objet sera lié sans informations de débogage
     1>PocoFoundationmdd.lib(VarHolder.obj) : warning LNK4099: PDB 'pocofoundationmdd.pdb' n'a pu être trouvé avec 'PocoFoundationmdd.lib(VarHolder.obj)' ou sur 'C:\Users\perreiradasil-m\Desktop\openFrameworks-VS2013\openFrameworks-VS2013\addons\ofxBox2d\example-Simple\bin\pocofoundationmdd.pdb' ; l'objet sera lié sans informations de débogage
     1>PocoFoundationmdd.lib(Void.obj) : warning LNK4099: PDB 'pocofoundationmdd.pdb' n'a pu être trouvé avec 'PocoFoundationmdd.lib(Void.obj)' ou sur 'C:\Users\perreiradasil-m\Desktop\openFrameworks-VS2013\openFrameworks-VS2013\addons\ofxBox2d\example-Simple\bin\pocofoundationmdd.pdb' ; l'objet sera lié sans informations de débogage
     1>PocoFoundationmdd.lib(Base64Decoder.obj) : warning LNK4099: PDB 'pocofoundationmdd.pdb' n'a pu être trouvé avec 'PocoFoundationmdd.lib(Base64Decoder.obj)' ou sur 'C:\Users\perreiradasil-m\Desktop\openFrameworks-VS2013\openFrameworks-VS2013\addons\ofxBox2d\example-Simple\bin\pocofoundationmdd.pdb' ; l'objet sera lié sans informations de débogage
     1>PocoFoundationmdd.lib(Base64Encoder.obj) : warning LNK4099: PDB 'pocofoundationmdd.pdb' n'a pu être trouvé avec 'PocoFoundationmdd.lib(Base64Encoder.obj)' ou sur 'C:\Users\perreiradasil-m\Desktop\openFrameworks-VS2013\openFrameworks-VS2013\addons\ofxBox2d\example-Simple\bin\pocofoundationmdd.pdb' ; l'objet sera lié sans informations de débogage
     1>PocoFoundationmdd.lib(CountingStream.obj) : warning LNK4099: PDB 'pocofoundationmdd.pdb' n'a pu être trouvé avec 'PocoFoundationmdd.lib(CountingStream.obj)' ou sur 'C:\Users\perreiradasil-m\Desktop\openFrameworks-VS2013\openFrameworks-VS2013\addons\ofxBox2d\example-Simple\bin\pocofoundationmdd.pdb' ; l'objet sera lié sans informations de débogage
     1>PocoFoundationmdd.lib(DeflatingStream.obj) : warning LNK4099: PDB 'pocofoundationmdd.pdb' n'a pu être trouvé avec 'PocoFoundationmdd.lib(DeflatingStream.obj)' ou sur 'C:\Users\perreiradasil-m\Desktop\openFrameworks-VS2013\openFrameworks-VS2013\addons\ofxBox2d\example-Simple\bin\pocofoundationmdd.pdb' ; l'objet sera lié sans informations de débogage
     1>PocoFoundationmdd.lib(FileStream.obj) : warning LNK4099: PDB 'pocofoundationmdd.pdb' n'a pu être trouvé avec 'PocoFoundationmdd.lib(FileStream.obj)' ou sur 'C:\Users\perreiradasil-m\Desktop\openFrameworks-VS2013\openFrameworks-VS2013\addons\ofxBox2d\example-Simple\bin\pocofoundationmdd.pdb' ; l'objet sera lié sans informations de débogage
     1>PocoFoundationmdd.lib(LineEndingConverter.obj) : warning LNK4099: PDB 'pocofoundationmdd.pdb' n'a pu être trouvé avec 'PocoFoundationmdd.lib(LineEndingConverter.obj)' ou sur 'C:\Users\perreiradasil-m\Desktop\openFrameworks-VS2013\openFrameworks-VS2013\addons\ofxBox2d\example-Simple\bin\pocofoundationmdd.pdb' ; l'objet sera lié sans informations de débogage
     1>PocoFoundationmdd.lib(NullStream.obj) : warning LNK4099: PDB 'pocofoundationmdd.pdb' n'a pu être trouvé avec 'PocoFoundationmdd.lib(NullStream.obj)' ou sur 'C:\Users\perreiradasil-m\Desktop\openFrameworks-VS2013\openFrameworks-VS2013\addons\ofxBox2d\example-Simple\bin\pocofoundationmdd.pdb' ; l'objet sera lié sans informations de débogage
     1>PocoFoundationmdd.lib(StreamCopier.obj) : warning LNK4099: PDB 'pocofoundationmdd.pdb' n'a pu être trouvé avec 'PocoFoundationmdd.lib(StreamCopier.obj)' ou sur 'C:\Users\perreiradasil-m\Desktop\openFrameworks-VS2013\openFrameworks-VS2013\addons\ofxBox2d\example-Simple\bin\pocofoundationmdd.pdb' ; l'objet sera lié sans informations de débogage
     1>PocoFoundationmdd.lib(adler32.obj) : warning LNK4099: PDB 'pocofoundationmdd.pdb' n'a pu être trouvé avec 'PocoFoundationmdd.lib(adler32.obj)' ou sur 'C:\Users\perreiradasil-m\Desktop\openFrameworks-VS2013\openFrameworks-VS2013\addons\ofxBox2d\example-Simple\bin\pocofoundationmdd.pdb' ; l'objet sera lié sans informations de débogage
     1>PocoFoundationmdd.lib(crc32.obj) : warning LNK4099: PDB 'pocofoundationmdd.pdb' n'a pu être trouvé avec 'PocoFoundationmdd.lib(crc32.obj)' ou sur 'C:\Users\perreiradasil-m\Desktop\openFrameworks-VS2013\openFrameworks-VS2013\addons\ofxBox2d\example-Simple\bin\pocofoundationmdd.pdb' ; l'objet sera lié sans informations de débogage
     1>PocoFoundationmdd.lib(deflate.obj) : warning LNK4099: PDB 'pocofoundationmdd.pdb' n'a pu être trouvé avec 'PocoFoundationmdd.lib(deflate.obj)' ou sur 'C:\Users\perreiradasil-m\Desktop\openFrameworks-VS2013\openFrameworks-VS2013\addons\ofxBox2d\example-Simple\bin\pocofoundationmdd.pdb' ; l'objet sera lié sans informations de débogage
     1>PocoFoundationmdd.lib(trees.obj) : warning LNK4099: PDB 'pocofoundationmdd.pdb' n'a pu être trouvé avec 'PocoFoundationmdd.lib(trees.obj)' ou sur 'C:\Users\perreiradasil-m\Desktop\openFrameworks-VS2013\openFrameworks-VS2013\addons\ofxBox2d\example-Simple\bin\pocofoundationmdd.pdb' ; l'objet sera lié sans informations de débogage
     1>PocoFoundationmdd.lib(Windows1250Encoding.obj) : warning LNK4099: PDB 'pocofoundationmdd.pdb' n'a pu être trouvé avec 'PocoFoundationmdd.lib(Windows1250Encoding.obj)' ou sur 'C:\Users\perreiradasil-m\Desktop\openFrameworks-VS2013\openFrameworks-VS2013\addons\ofxBox2d\example-Simple\bin\pocofoundationmdd.pdb' ; l'objet sera lié sans informations de débogage
     1>PocoFoundationmdd.lib(Windows1251Encoding.obj) : warning LNK4099: PDB 'pocofoundationmdd.pdb' n'a pu être trouvé avec 'PocoFoundationmdd.lib(Windows1251Encoding.obj)' ou sur 'C:\Users\perreiradasil-m\Desktop\openFrameworks-VS2013\openFrameworks-VS2013\addons\ofxBox2d\example-Simple\bin\pocofoundationmdd.pdb' ; l'objet sera lié sans informations de débogage
     1>PocoFoundationmdd.lib(zutil.obj) : warning LNK4099: PDB 'pocofoundationmdd.pdb' n'a pu être trouvé avec 'PocoFoundationmdd.lib(zutil.obj)' ou sur 'C:\Users\perreiradasil-m\Desktop\openFrameworks-VS2013\openFrameworks-VS2013\addons\ofxBox2d\example-Simple\bin\pocofoundationmdd.pdb' ; l'objet sera lié sans informations de débogage
     1>PocoFoundationmdd.lib(ActiveDispatcher.obj) : warning LNK4099: PDB 'pocofoundationmdd.pdb' n'a pu être trouvé avec 'PocoFoundationmdd.lib(ActiveDispatcher.obj)' ou sur 'C:\Users\perreiradasil-m\Desktop\openFrameworks-VS2013\openFrameworks-VS2013\addons\ofxBox2d\example-Simple\bin\pocofoundationmdd.pdb' ; l'objet sera lié sans informations de débogage
     1>PocoFoundationmdd.lib(Condition.obj) : warning LNK4099: PDB 'pocofoundationmdd.pdb' n'a pu être trouvé avec 'PocoFoundationmdd.lib(Condition.obj)' ou sur 'C:\Users\perreiradasil-m\Desktop\openFrameworks-VS2013\openFrameworks-VS2013\addons\ofxBox2d\example-Simple\bin\pocofoundationmdd.pdb' ; l'objet sera lié sans informations de débogage
     1>PocoFoundationmdd.lib(ErrorHandler.obj) : warning LNK4099: PDB 'pocofoundationmdd.pdb' n'a pu être trouvé avec 'PocoFoundationmdd.lib(ErrorHandler.obj)' ou sur 'C:\Users\perreiradasil-m\Desktop\openFrameworks-VS2013\openFrameworks-VS2013\addons\ofxBox2d\example-Simple\bin\pocofoundationmdd.pdb' ; l'objet sera lié sans informations de débogage
     1>PocoFoundationmdd.lib(Event.obj) : warning LNK4099: PDB 'pocofoundationmdd.pdb' n'a pu être trouvé avec 'PocoFoundationmdd.lib(Event.obj)' ou sur 'C:\Users\perreiradasil-m\Desktop\openFrameworks-VS2013\openFrameworks-VS2013\addons\ofxBox2d\example-Simple\bin\pocofoundationmdd.pdb' ; l'objet sera lié sans informations de débogage
     1>PocoFoundationmdd.lib(Mutex.obj) : warning LNK4099: PDB 'pocofoundationmdd.pdb' n'a pu être trouvé avec 'PocoFoundationmdd.lib(Mutex.obj)' ou sur 'C:\Users\perreiradasil-m\Desktop\openFrameworks-VS2013\openFrameworks-VS2013\addons\ofxBox2d\example-Simple\bin\pocofoundationmdd.pdb' ; l'objet sera lié sans informations de débogage
     1>PocoFoundationmdd.lib(Runnable.obj) : warning LNK4099: PDB 'pocofoundationmdd.pdb' n'a pu être trouvé avec 'PocoFoundationmdd.lib(Runnable.obj)' ou sur 'C:\Users\perreiradasil-m\Desktop\openFrameworks-VS2013\openFrameworks-VS2013\addons\ofxBox2d\example-Simple\bin\pocofoundationmdd.pdb' ; l'objet sera lié sans informations de débogage
     1>PocoFoundationmdd.lib(RWLock.obj) : warning LNK4099: PDB 'pocofoundationmdd.pdb' n'a pu être trouvé avec 'PocoFoundationmdd.lib(RWLock.obj)' ou sur 'C:\Users\perreiradasil-m\Desktop\openFrameworks-VS2013\openFrameworks-VS2013\addons\ofxBox2d\example-Simple\bin\pocofoundationmdd.pdb' ; l'objet sera lié sans informations de débogage
     1>PocoFoundationmdd.lib(Thread.obj) : warning LNK4099: PDB 'pocofoundationmdd.pdb' n'a pu être trouvé avec 'PocoFoundationmdd.lib(Thread.obj)' ou sur 'C:\Users\perreiradasil-m\Desktop\openFrameworks-VS2013\openFrameworks-VS2013\addons\ofxBox2d\example-Simple\bin\pocofoundationmdd.pdb' ; l'objet sera lié sans informations de débogage
     1>PocoFoundationmdd.lib(ThreadLocal.obj) : warning LNK4099: PDB 'pocofoundationmdd.pdb' n'a pu être trouvé avec 'PocoFoundationmdd.lib(ThreadLocal.obj)' ou sur 'C:\Users\perreiradasil-m\Desktop\openFrameworks-VS2013\openFrameworks-VS2013\addons\ofxBox2d\example-Simple\bin\pocofoundationmdd.pdb' ; l'objet sera lié sans informations de débogage
     1>PocoFoundationmdd.lib(DigestEngine.obj) : warning LNK4099: PDB 'pocofoundationmdd.pdb' n'a pu être trouvé avec 'PocoFoundationmdd.lib(DigestEngine.obj)' ou sur 'C:\Users\perreiradasil-m\Desktop\openFrameworks-VS2013\openFrameworks-VS2013\addons\ofxBox2d\example-Simple\bin\pocofoundationmdd.pdb' ; l'objet sera lié sans informations de débogage
     1>PocoFoundationmdd.lib(MD5Engine.obj) : warning LNK4099: PDB 'pocofoundationmdd.pdb' n'a pu être trouvé avec 'PocoFoundationmdd.lib(MD5Engine.obj)' ou sur 'C:\Users\perreiradasil-m\Desktop\openFrameworks-VS2013\openFrameworks-VS2013\addons\ofxBox2d\example-Simple\bin\pocofoundationmdd.pdb' ; l'objet sera lié sans informations de débogage
     1>PocoFoundationmdd.lib(RandomStream.obj) : warning LNK4099: PDB 'pocofoundationmdd.pdb' n'a pu être trouvé avec 'PocoFoundationmdd.lib(RandomStream.obj)' ou sur 'C:\Users\perreiradasil-m\Desktop\openFrameworks-VS2013\openFrameworks-VS2013\addons\ofxBox2d\example-Simple\bin\pocofoundationmdd.pdb' ; l'objet sera lié sans informations de débogage
     1>PocoFoundationmdd.lib(RegularExpression.obj) : warning LNK4099: PDB 'pocofoundationmdd.pdb' n'a pu être trouvé avec 'PocoFoundationmdd.lib(RegularExpression.obj)' ou sur 'C:\Users\perreiradasil-m\Desktop\openFrameworks-VS2013\openFrameworks-VS2013\addons\ofxBox2d\example-Simple\bin\pocofoundationmdd.pdb' ; l'objet sera lié sans informations de débogage
     1>PocoFoundationmdd.lib(pcre_chartables.obj) : warning LNK4099: PDB 'pocofoundationmdd.pdb' n'a pu être trouvé avec 'PocoFoundationmdd.lib(pcre_chartables.obj)' ou sur 'C:\Users\perreiradasil-m\Desktop\openFrameworks-VS2013\openFrameworks-VS2013\addons\ofxBox2d\example-Simple\bin\pocofoundationmdd.pdb' ; l'objet sera lié sans informations de débogage
     1>PocoFoundationmdd.lib(pcre_compile.obj) : warning LNK4099: PDB 'pocofoundationmdd.pdb' n'a pu être trouvé avec 'PocoFoundationmdd.lib(pcre_compile.obj)' ou sur 'C:\Users\perreiradasil-m\Desktop\openFrameworks-VS2013\openFrameworks-VS2013\addons\ofxBox2d\example-Simple\bin\pocofoundationmdd.pdb' ; l'objet sera lié sans informations de débogage
     1>PocoFoundationmdd.lib(pcre_exec.obj) : warning LNK4099: PDB 'pocofoundationmdd.pdb' n'a pu être trouvé avec 'PocoFoundationmdd.lib(pcre_exec.obj)' ou sur 'C:\Users\perreiradasil-m\Desktop\openFrameworks-VS2013\openFrameworks-VS2013\addons\ofxBox2d\example-Simple\bin\pocofoundationmdd.pdb' ; l'objet sera lié sans informations de débogage
     1>PocoFoundationmdd.lib(pcre_fullinfo.obj) : warning LNK4099: PDB 'pocofoundationmdd.pdb' n'a pu être trouvé avec 'PocoFoundationmdd.lib(pcre_fullinfo.obj)' ou sur 'C:\Users\perreiradasil-m\Desktop\openFrameworks-VS2013\openFrameworks-VS2013\addons\ofxBox2d\example-Simple\bin\pocofoundationmdd.pdb' ; l'objet sera lié sans informations de débogage
     1>PocoFoundationmdd.lib(pcre_globals.obj) : warning LNK4099: PDB 'pocofoundationmdd.pdb' n'a pu être trouvé avec 'PocoFoundationmdd.lib(pcre_globals.obj)' ou sur 'C:\Users\perreiradasil-m\Desktop\openFrameworks-VS2013\openFrameworks-VS2013\addons\ofxBox2d\example-Simple\bin\pocofoundationmdd.pdb' ; l'objet sera lié sans informations de débogage
     1>PocoFoundationmdd.lib(pcre_newline.obj) : warning LNK4099: PDB 'pocofoundationmdd.pdb' n'a pu être trouvé avec 'PocoFoundationmdd.lib(pcre_newline.obj)' ou sur 'C:\Users\perreiradasil-m\Desktop\openFrameworks-VS2013\openFrameworks-VS2013\addons\ofxBox2d\example-Simple\bin\pocofoundationmdd.pdb' ; l'objet sera lié sans informations de débogage
     1>PocoFoundationmdd.lib(pcre_ord2utf8.obj) : warning LNK4099: PDB 'pocofoundationmdd.pdb' n'a pu être trouvé avec 'PocoFoundationmdd.lib(pcre_ord2utf8.obj)' ou sur 'C:\Users\perreiradasil-m\Desktop\openFrameworks-VS2013\openFrameworks-VS2013\addons\ofxBox2d\example-Simple\bin\pocofoundationmdd.pdb' ; l'objet sera lié sans informations de débogage
     1>PocoFoundationmdd.lib(pcre_study.obj) : warning LNK4099: PDB 'pocofoundationmdd.pdb' n'a pu être trouvé avec 'PocoFoundationmdd.lib(pcre_study.obj)' ou sur 'C:\Users\perreiradasil-m\Desktop\openFrameworks-VS2013\openFrameworks-VS2013\addons\ofxBox2d\example-Simple\bin\pocofoundationmdd.pdb' ; l'objet sera lié sans informations de débogage
     1>PocoFoundationmdd.lib(pcre_tables.obj) : warning LNK4099: PDB 'pocofoundationmdd.pdb' n'a pu être trouvé avec 'PocoFoundationmdd.lib(pcre_tables.obj)' ou sur 'C:\Users\perreiradasil-m\Desktop\openFrameworks-VS2013\openFrameworks-VS2013\addons\ofxBox2d\example-Simple\bin\pocofoundationmdd.pdb' ; l'objet sera lié sans informations de débogage
     1>PocoFoundationmdd.lib(pcre_try_flipped.obj) : warning LNK4099: PDB 'pocofoundationmdd.pdb' n'a pu être trouvé avec 'PocoFoundationmdd.lib(pcre_try_flipped.obj)' ou sur 'C:\Users\perreiradasil-m\Desktop\openFrameworks-VS2013\openFrameworks-VS2013\addons\ofxBox2d\example-Simple\bin\pocofoundationmdd.pdb' ; l'objet sera lié sans informations de débogage
     1>PocoFoundationmdd.lib(pcre_ucd.obj) : warning LNK4099: PDB 'pocofoundationmdd.pdb' n'a pu être trouvé avec 'PocoFoundationmdd.lib(pcre_ucd.obj)' ou sur 'C:\Users\perreiradasil-m\Desktop\openFrameworks-VS2013\openFrameworks-VS2013\addons\ofxBox2d\example-Simple\bin\pocofoundationmdd.pdb' ; l'objet sera lié sans informations de débogage
     1>PocoFoundationmdd.lib(pcre_valid_utf8.obj) : warning LNK4099: PDB 'pocofoundationmdd.pdb' n'a pu être trouvé avec 'PocoFoundationmdd.lib(pcre_valid_utf8.obj)' ou sur 'C:\Users\perreiradasil-m\Desktop\openFrameworks-VS2013\openFrameworks-VS2013\addons\ofxBox2d\example-Simple\bin\pocofoundationmdd.pdb' ; l'objet sera lié sans informations de débogage
     1>PocoFoundationmdd.lib(pcre_xclass.obj) : warning LNK4099: PDB 'pocofoundationmdd.pdb' n'a pu être trouvé avec 'PocoFoundationmdd.lib(pcre_xclass.obj)' ou sur 'C:\Users\perreiradasil-m\Desktop\openFrameworks-VS2013\openFrameworks-VS2013\addons\ofxBox2d\example-Simple\bin\pocofoundationmdd.pdb' ; l'objet sera lié sans informations de débogage
     1>PocoFoundationmdd.lib(ArchiveStrategy.obj) : warning LNK4099: PDB 'pocofoundationmdd.pdb' n'a pu être trouvé avec 'PocoFoundationmdd.lib(ArchiveStrategy.obj)' ou sur 'C:\Users\perreiradasil-m\Desktop\openFrameworks-VS2013\openFrameworks-VS2013\addons\ofxBox2d\example-Simple\bin\pocofoundationmdd.pdb' ; l'objet sera lié sans informations de débogage
     1>PocoFoundationmdd.lib(AsyncChannel.obj) : warning LNK4099: PDB 'pocofoundationmdd.pdb' n'a pu être trouvé avec 'PocoFoundationmdd.lib(AsyncChannel.obj)' ou sur 'C:\Users\perreiradasil-m\Desktop\openFrameworks-VS2013\openFrameworks-VS2013\addons\ofxBox2d\example-Simple\bin\pocofoundationmdd.pdb' ; l'objet sera lié sans informations de débogage
     1>PocoFoundationmdd.lib(Channel.obj) : warning LNK4099: PDB 'pocofoundationmdd.pdb' n'a pu être trouvé avec 'PocoFoundationmdd.lib(Channel.obj)' ou sur 'C:\Users\perreiradasil-m\Desktop\openFrameworks-VS2013\openFrameworks-VS2013\addons\ofxBox2d\example-Simple\bin\pocofoundationmdd.pdb' ; l'objet sera lié sans informations de débogage
     1>PocoFoundationmdd.lib(Configurable.obj) : warning LNK4099: PDB 'pocofoundationmdd.pdb' n'a pu être trouvé avec 'PocoFoundationmdd.lib(Configurable.obj)' ou sur 'C:\Users\perreiradasil-m\Desktop\openFrameworks-VS2013\openFrameworks-VS2013\addons\ofxBox2d\example-Simple\bin\pocofoundationmdd.pdb' ; l'objet sera lié sans informations de débogage
     1>PocoFoundationmdd.lib(ConsoleChannel.obj) : warning LNK4099: PDB 'pocofoundationmdd.pdb' n'a pu être trouvé avec 'PocoFoundationmdd.lib(ConsoleChannel.obj)' ou sur 'C:\Users\perreiradasil-m\Desktop\openFrameworks-VS2013\openFrameworks-VS2013\addons\ofxBox2d\example-Simple\bin\pocofoundationmdd.pdb' ; l'objet sera lié sans informations de débogage
     1>PocoFoundationmdd.lib(EventLogChannel.obj) : warning LNK4099: PDB 'pocofoundationmdd.pdb' n'a pu être trouvé avec 'PocoFoundationmdd.lib(EventLogChannel.obj)' ou sur 'C:\Users\perreiradasil-m\Desktop\openFrameworks-VS2013\openFrameworks-VS2013\addons\ofxBox2d\example-Simple\bin\pocofoundationmdd.pdb' ; l'objet sera lié sans informations de débogage
     1>PocoFoundationmdd.lib(FileChannel.obj) : warning LNK4099: PDB 'pocofoundationmdd.pdb' n'a pu être trouvé avec 'PocoFoundationmdd.lib(FileChannel.obj)' ou sur 'C:\Users\perreiradasil-m\Desktop\openFrameworks-VS2013\openFrameworks-VS2013\addons\ofxBox2d\example-Simple\bin\pocofoundationmdd.pdb' ; l'objet sera lié sans informations de débogage
     1>PocoFoundationmdd.lib(Formatter.obj) : warning LNK4099: PDB 'pocofoundationmdd.pdb' n'a pu être trouvé avec 'PocoFoundationmdd.lib(Formatter.obj)' ou sur 'C:\Users\perreiradasil-m\Desktop\openFrameworks-VS2013\openFrameworks-VS2013\addons\ofxBox2d\example-Simple\bin\pocofoundationmdd.pdb' ; l'objet sera lié sans informations de débogage
     1>PocoFoundationmdd.lib(FormattingChannel.obj) : warning LNK4099: PDB 'pocofoundationmdd.pdb' n'a pu être trouvé avec 'PocoFoundationmdd.lib(FormattingChannel.obj)' ou sur 'C:\Users\perreiradasil-m\Desktop\openFrameworks-VS2013\openFrameworks-VS2013\addons\ofxBox2d\example-Simple\bin\pocofoundationmdd.pdb' ; l'objet sera lié sans informations de débogage
     1>PocoFoundationmdd.lib(LogFile.obj) : warning LNK4099: PDB 'pocofoundationmdd.pdb' n'a pu être trouvé avec 'PocoFoundationmdd.lib(LogFile.obj)' ou sur 'C:\Users\perreiradasil-m\Desktop\openFrameworks-VS2013\openFrameworks-VS2013\addons\ofxBox2d\example-Simple\bin\pocofoundationmdd.pdb' ; l'objet sera lié sans informations de débogage
     1>PocoFoundationmdd.lib(Logger.obj) : warning LNK4099: PDB 'pocofoundationmdd.pdb' n'a pu être trouvé avec 'PocoFoundationmdd.lib(Logger.obj)' ou sur 'C:\Users\perreiradasil-m\Desktop\openFrameworks-VS2013\openFrameworks-VS2013\addons\ofxBox2d\example-Simple\bin\pocofoundationmdd.pdb' ; l'objet sera lié sans informations de débogage
     1>PocoFoundationmdd.lib(LoggingFactory.obj) : warning LNK4099: PDB 'pocofoundationmdd.pdb' n'a pu être trouvé avec 'PocoFoundationmdd.lib(LoggingFactory.obj)' ou sur 'C:\Users\perreiradasil-m\Desktop\openFrameworks-VS2013\openFrameworks-VS2013\addons\ofxBox2d\example-Simple\bin\pocofoundationmdd.pdb' ; l'objet sera lié sans informations de débogage
     1>PocoFoundationmdd.lib(LoggingRegistry.obj) : warning LNK4099: PDB 'pocofoundationmdd.pdb' n'a pu être trouvé avec 'PocoFoundationmdd.lib(LoggingRegistry.obj)' ou sur 'C:\Users\perreiradasil-m\Desktop\openFrameworks-VS2013\openFrameworks-VS2013\addons\ofxBox2d\example-Simple\bin\pocofoundationmdd.pdb' ; l'objet sera lié sans informations de débogage
     1>PocoFoundationmdd.lib(Message.obj) : warning LNK4099: PDB 'pocofoundationmdd.pdb' n'a pu être trouvé avec 'PocoFoundationmdd.lib(Message.obj)' ou sur 'C:\Users\perreiradasil-m\Desktop\openFrameworks-VS2013\openFrameworks-VS2013\addons\ofxBox2d\example-Simple\bin\pocofoundationmdd.pdb' ; l'objet sera lié sans informations de débogage
     1>PocoFoundationmdd.lib(NullChannel.obj) : warning LNK4099: PDB 'pocofoundationmdd.pdb' n'a pu être trouvé avec 'PocoFoundationmdd.lib(NullChannel.obj)' ou sur 'C:\Users\perreiradasil-m\Desktop\openFrameworks-VS2013\openFrameworks-VS2013\addons\ofxBox2d\example-Simple\bin\pocofoundationmdd.pdb' ; l'objet sera lié sans informations de débogage
     1>PocoFoundationmdd.lib(PatternFormatter.obj) : warning LNK4099: PDB 'pocofoundationmdd.pdb' n'a pu être trouvé avec 'PocoFoundationmdd.lib(PatternFormatter.obj)' ou sur 'C:\Users\perreiradasil-m\Desktop\openFrameworks-VS2013\openFrameworks-VS2013\addons\ofxBox2d\example-Simple\bin\pocofoundationmdd.pdb' ; l'objet sera lié sans informations de débogage
     1>PocoFoundationmdd.lib(PurgeStrategy.obj) : warning LNK4099: PDB 'pocofoundationmdd.pdb' n'a pu être trouvé avec 'PocoFoundationmdd.lib(PurgeStrategy.obj)' ou sur 'C:\Users\perreiradasil-m\Desktop\openFrameworks-VS2013\openFrameworks-VS2013\addons\ofxBox2d\example-Simple\bin\pocofoundationmdd.pdb' ; l'objet sera lié sans informations de débogage
     1>PocoFoundationmdd.lib(RotateStrategy.obj) : warning LNK4099: PDB 'pocofoundationmdd.pdb' n'a pu être trouvé avec 'PocoFoundationmdd.lib(RotateStrategy.obj)' ou sur 'C:\Users\perreiradasil-m\Desktop\openFrameworks-VS2013\openFrameworks-VS2013\addons\ofxBox2d\example-Simple\bin\pocofoundationmdd.pdb' ; l'objet sera lié sans informations de débogage
     1>PocoFoundationmdd.lib(SplitterChannel.obj) : warning LNK4099: PDB 'pocofoundationmdd.pdb' n'a pu être trouvé avec 'PocoFoundationmdd.lib(SplitterChannel.obj)' ou sur 'C:\Users\perreiradasil-m\Desktop\openFrameworks-VS2013\openFrameworks-VS2013\addons\ofxBox2d\example-Simple\bin\pocofoundationmdd.pdb' ; l'objet sera lié sans informations de débogage
     1>PocoFoundationmdd.lib(WindowsConsoleChannel.obj) : warning LNK4099: PDB 'pocofoundationmdd.pdb' n'a pu être trouvé avec 'PocoFoundationmdd.lib(WindowsConsoleChannel.obj)' ou sur 'C:\Users\perreiradasil-m\Desktop\openFrameworks-VS2013\openFrameworks-VS2013\addons\ofxBox2d\example-Simple\bin\pocofoundationmdd.pdb' ; l'objet sera lié sans informations de débogage
     1>PocoFoundationmdd.lib(Notification.obj) : warning LNK4099: PDB 'pocofoundationmdd.pdb' n'a pu être trouvé avec 'PocoFoundationmdd.lib(Notification.obj)' ou sur 'C:\Users\perreiradasil-m\Desktop\openFrameworks-VS2013\openFrameworks-VS2013\addons\ofxBox2d\example-Simple\bin\pocofoundationmdd.pdb' ; l'objet sera lié sans informations de débogage
     1>PocoFoundationmdd.lib(NotificationCenter.obj) : warning LNK4099: PDB 'pocofoundationmdd.pdb' n'a pu être trouvé avec 'PocoFoundationmdd.lib(NotificationCenter.obj)' ou sur 'C:\Users\perreiradasil-m\Desktop\openFrameworks-VS2013\openFrameworks-VS2013\addons\ofxBox2d\example-Simple\bin\pocofoundationmdd.pdb' ; l'objet sera lié sans informations de débogage
     1>PocoFoundationmdd.lib(NotificationQueue.obj) : warning LNK4099: PDB 'pocofoundationmdd.pdb' n'a pu être trouvé avec 'PocoFoundationmdd.lib(NotificationQueue.obj)' ou sur 'C:\Users\perreiradasil-m\Desktop\openFrameworks-VS2013\openFrameworks-VS2013\addons\ofxBox2d\example-Simple\bin\pocofoundationmdd.pdb' ; l'objet sera lié sans informations de débogage
     1>PocoFoundationmdd.lib(DirectoryIterator.obj) : warning LNK4099: PDB 'pocofoundationmdd.pdb' n'a pu être trouvé avec 'PocoFoundationmdd.lib(DirectoryIterator.obj)' ou sur 'C:\Users\perreiradasil-m\Desktop\openFrameworks-VS2013\openFrameworks-VS2013\addons\ofxBox2d\example-Simple\bin\pocofoundationmdd.pdb' ; l'objet sera lié sans informations de débogage
     1>PocoFoundationmdd.lib(File.obj) : warning LNK4099: PDB 'pocofoundationmdd.pdb' n'a pu être trouvé avec 'PocoFoundationmdd.lib(File.obj)' ou sur 'C:\Users\perreiradasil-m\Desktop\openFrameworks-VS2013\openFrameworks-VS2013\addons\ofxBox2d\example-Simple\bin\pocofoundationmdd.pdb' ; l'objet sera lié sans informations de débogage
     1>PocoFoundationmdd.lib(Path.obj) : warning LNK4099: PDB 'pocofoundationmdd.pdb' n'a pu être trouvé avec 'PocoFoundationmdd.lib(Path.obj)' ou sur 'C:\Users\perreiradasil-m\Desktop\openFrameworks-VS2013\openFrameworks-VS2013\addons\ofxBox2d\example-Simple\bin\pocofoundationmdd.pdb' ; l'objet sera lié sans informations de débogage
     1>PocoFoundationmdd.lib(NamedEvent.obj) : warning LNK4099: PDB 'pocofoundationmdd.pdb' n'a pu être trouvé avec 'PocoFoundationmdd.lib(NamedEvent.obj)' ou sur 'C:\Users\perreiradasil-m\Desktop\openFrameworks-VS2013\openFrameworks-VS2013\addons\ofxBox2d\example-Simple\bin\pocofoundationmdd.pdb' ; l'objet sera lié sans informations de débogage
     1>PocoFoundationmdd.lib(Pipe.obj) : warning LNK4099: PDB 'pocofoundationmdd.pdb' n'a pu être trouvé avec 'PocoFoundationmdd.lib(Pipe.obj)' ou sur 'C:\Users\perreiradasil-m\Desktop\openFrameworks-VS2013\openFrameworks-VS2013\addons\ofxBox2d\example-Simple\bin\pocofoundationmdd.pdb' ; l'objet sera lié sans informations de débogage
     1>PocoFoundationmdd.lib(PipeImpl.obj) : warning LNK4099: PDB 'pocofoundationmdd.pdb' n'a pu être trouvé avec 'PocoFoundationmdd.lib(PipeImpl.obj)' ou sur 'C:\Users\perreiradasil-m\Desktop\openFrameworks-VS2013\openFrameworks-VS2013\addons\ofxBox2d\example-Simple\bin\pocofoundationmdd.pdb' ; l'objet sera lié sans informations de débogage
     1>PocoFoundationmdd.lib(Process.obj) : warning LNK4099: PDB 'pocofoundationmdd.pdb' n'a pu être trouvé avec 'PocoFoundationmdd.lib(Process.obj)' ou sur 'C:\Users\perreiradasil-m\Desktop\openFrameworks-VS2013\openFrameworks-VS2013\addons\ofxBox2d\example-Simple\bin\pocofoundationmdd.pdb' ; l'objet sera lié sans informations de débogage
     1>PocoFoundationmdd.lib(DateTime.obj) : warning LNK4099: PDB 'pocofoundationmdd.pdb' n'a pu être trouvé avec 'PocoFoundationmdd.lib(DateTime.obj)' ou sur 'C:\Users\perreiradasil-m\Desktop\openFrameworks-VS2013\openFrameworks-VS2013\addons\ofxBox2d\example-Simple\bin\pocofoundationmdd.pdb' ; l'objet sera lié sans informations de débogage
     1>PocoFoundationmdd.lib(DateTimeFormat.obj) : warning LNK4099: PDB 'pocofoundationmdd.pdb' n'a pu être trouvé avec 'PocoFoundationmdd.lib(DateTimeFormat.obj)' ou sur 'C:\Users\perreiradasil-m\Desktop\openFrameworks-VS2013\openFrameworks-VS2013\addons\ofxBox2d\example-Simple\bin\pocofoundationmdd.pdb' ; l'objet sera lié sans informations de débogage
     1>PocoFoundationmdd.lib(DateTimeFormatter.obj) : warning LNK4099: PDB 'pocofoundationmdd.pdb' n'a pu être trouvé avec 'PocoFoundationmdd.lib(DateTimeFormatter.obj)' ou sur 'C:\Users\perreiradasil-m\Desktop\openFrameworks-VS2013\openFrameworks-VS2013\addons\ofxBox2d\example-Simple\bin\pocofoundationmdd.pdb' ; l'objet sera lié sans informations de débogage
     1>PocoFoundationmdd.lib(DateTimeParser.obj) : warning LNK4099: PDB 'pocofoundationmdd.pdb' n'a pu être trouvé avec 'PocoFoundationmdd.lib(DateTimeParser.obj)' ou sur 'C:\Users\perreiradasil-m\Desktop\openFrameworks-VS2013\openFrameworks-VS2013\addons\ofxBox2d\example-Simple\bin\pocofoundationmdd.pdb' ; l'objet sera lié sans informations de débogage
     1>PocoFoundationmdd.lib(LocalDateTime.obj) : warning LNK4099: PDB 'pocofoundationmdd.pdb' n'a pu être trouvé avec 'PocoFoundationmdd.lib(LocalDateTime.obj)' ou sur 'C:\Users\perreiradasil-m\Desktop\openFrameworks-VS2013\openFrameworks-VS2013\addons\ofxBox2d\example-Simple\bin\pocofoundationmdd.pdb' ; l'objet sera lié sans informations de débogage
     1>PocoFoundationmdd.lib(Timespan.obj) : warning LNK4099: PDB 'pocofoundationmdd.pdb' n'a pu être trouvé avec 'PocoFoundationmdd.lib(Timespan.obj)' ou sur 'C:\Users\perreiradasil-m\Desktop\openFrameworks-VS2013\openFrameworks-VS2013\addons\ofxBox2d\example-Simple\bin\pocofoundationmdd.pdb' ; l'objet sera lié sans informations de débogage
     1>PocoFoundationmdd.lib(Timestamp.obj) : warning LNK4099: PDB 'pocofoundationmdd.pdb' n'a pu être trouvé avec 'PocoFoundationmdd.lib(Timestamp.obj)' ou sur 'C:\Users\perreiradasil-m\Desktop\openFrameworks-VS2013\openFrameworks-VS2013\addons\ofxBox2d\example-Simple\bin\pocofoundationmdd.pdb' ; l'objet sera lié sans informations de débogage
     1>PocoFoundationmdd.lib(Timezone.obj) : warning LNK4099: PDB 'pocofoundationmdd.pdb' n'a pu être trouvé avec 'PocoFoundationmdd.lib(Timezone.obj)' ou sur 'C:\Users\perreiradasil-m\Desktop\openFrameworks-VS2013\openFrameworks-VS2013\addons\ofxBox2d\example-Simple\bin\pocofoundationmdd.pdb' ; l'objet sera lié sans informations de débogage
     1>PocoFoundationmdd.lib(ASCIIEncoding.obj) : warning LNK4099: PDB 'pocofoundationmdd.pdb' n'a pu être trouvé avec 'PocoFoundationmdd.lib(ASCIIEncoding.obj)' ou sur 'C:\Users\perreiradasil-m\Desktop\openFrameworks-VS2013\openFrameworks-VS2013\addons\ofxBox2d\example-Simple\bin\pocofoundationmdd.pdb' ; l'objet sera lié sans informations de débogage
     1>PocoFoundationmdd.lib(Latin1Encoding.obj) : warning LNK4099: PDB 'pocofoundationmdd.pdb' n'a pu être trouvé avec 'PocoFoundationmdd.lib(Latin1Encoding.obj)' ou sur 'C:\Users\perreiradasil-m\Desktop\openFrameworks-VS2013\openFrameworks-VS2013\addons\ofxBox2d\example-Simple\bin\pocofoundationmdd.pdb' ; l'objet sera lié sans informations de débogage
     1>PocoFoundationmdd.lib(Latin9Encoding.obj) : warning LNK4099: PDB 'pocofoundationmdd.pdb' n'a pu être trouvé avec 'PocoFoundationmdd.lib(Latin9Encoding.obj)' ou sur 'C:\Users\perreiradasil-m\Desktop\openFrameworks-VS2013\openFrameworks-VS2013\addons\ofxBox2d\example-Simple\bin\pocofoundationmdd.pdb' ; l'objet sera lié sans informations de débogage
     1>PocoFoundationmdd.lib(StreamConverter.obj) : warning LNK4099: PDB 'pocofoundationmdd.pdb' n'a pu être trouvé avec 'PocoFoundationmdd.lib(StreamConverter.obj)' ou sur 'C:\Users\perreiradasil-m\Desktop\openFrameworks-VS2013\openFrameworks-VS2013\addons\ofxBox2d\example-Simple\bin\pocofoundationmdd.pdb' ; l'objet sera lié sans informations de débogage
     1>PocoFoundationmdd.lib(TextConverter.obj) : warning LNK4099: PDB 'pocofoundationmdd.pdb' n'a pu être trouvé avec 'PocoFoundationmdd.lib(TextConverter.obj)' ou sur 'C:\Users\perreiradasil-m\Desktop\openFrameworks-VS2013\openFrameworks-VS2013\addons\ofxBox2d\example-Simple\bin\pocofoundationmdd.pdb' ; l'objet sera lié sans informations de débogage
     1>PocoFoundationmdd.lib(TextEncoding.obj) : warning LNK4099: PDB 'pocofoundationmdd.pdb' n'a pu être trouvé avec 'PocoFoundationmdd.lib(TextEncoding.obj)' ou sur 'C:\Users\perreiradasil-m\Desktop\openFrameworks-VS2013\openFrameworks-VS2013\addons\ofxBox2d\example-Simple\bin\pocofoundationmdd.pdb' ; l'objet sera lié sans informations de débogage
     1>PocoFoundationmdd.lib(TextIterator.obj) : warning LNK4099: PDB 'pocofoundationmdd.pdb' n'a pu être trouvé avec 'PocoFoundationmdd.lib(TextIterator.obj)' ou sur 'C:\Users\perreiradasil-m\Desktop\openFrameworks-VS2013\openFrameworks-VS2013\addons\ofxBox2d\example-Simple\bin\pocofoundationmdd.pdb' ; l'objet sera lié sans informations de débogage
     1>PocoFoundationmdd.lib(UnicodeConverter.obj) : warning LNK4099: PDB 'pocofoundationmdd.pdb' n'a pu être trouvé avec 'PocoFoundationmdd.lib(UnicodeConverter.obj)' ou sur 'C:\Users\perreiradasil-m\Desktop\openFrameworks-VS2013\openFrameworks-VS2013\addons\ofxBox2d\example-Simple\bin\pocofoundationmdd.pdb' ; l'objet sera lié sans informations de débogage
     1>PocoFoundationmdd.lib(UTF16Encoding.obj) : warning LNK4099: PDB 'pocofoundationmdd.pdb' n'a pu être trouvé avec 'PocoFoundationmdd.lib(UTF16Encoding.obj)' ou sur 'C:\Users\perreiradasil-m\Desktop\openFrameworks-VS2013\openFrameworks-VS2013\addons\ofxBox2d\example-Simple\bin\pocofoundationmdd.pdb' ; l'objet sera lié sans informations de débogage
     1>PocoFoundationmdd.lib(UTF8Encoding.obj) : warning LNK4099: PDB 'pocofoundationmdd.pdb' n'a pu être trouvé avec 'PocoFoundationmdd.lib(UTF8Encoding.obj)' ou sur 'C:\Users\perreiradasil-m\Desktop\openFrameworks-VS2013\openFrameworks-VS2013\addons\ofxBox2d\example-Simple\bin\pocofoundationmdd.pdb' ; l'objet sera lié sans informations de débogage
     1>PocoFoundationmdd.lib(Windows1252Encoding.obj) : warning LNK4099: PDB 'pocofoundationmdd.pdb' n'a pu être trouvé avec 'PocoFoundationmdd.lib(Windows1252Encoding.obj)' ou sur 'C:\Users\perreiradasil-m\Desktop\openFrameworks-VS2013\openFrameworks-VS2013\addons\ofxBox2d\example-Simple\bin\pocofoundationmdd.pdb' ; l'objet sera lié sans informations de débogage
     1>PocoFoundationmdd.lib(FileStreamFactory.obj) : warning LNK4099: PDB 'pocofoundationmdd.pdb' n'a pu être trouvé avec 'PocoFoundationmdd.lib(FileStreamFactory.obj)' ou sur 'C:\Users\perreiradasil-m\Desktop\openFrameworks-VS2013\openFrameworks-VS2013\addons\ofxBox2d\example-Simple\bin\pocofoundationmdd.pdb' ; l'objet sera lié sans informations de débogage
     1>PocoFoundationmdd.lib(URI.obj) : warning LNK4099: PDB 'pocofoundationmdd.pdb' n'a pu être trouvé avec 'PocoFoundationmdd.lib(URI.obj)' ou sur 'C:\Users\perreiradasil-m\Desktop\openFrameworks-VS2013\openFrameworks-VS2013\addons\ofxBox2d\example-Simple\bin\pocofoundationmdd.pdb' ; l'objet sera lié sans informations de débogage
     1>PocoFoundationmdd.lib(URIStreamFactory.obj) : warning LNK4099: PDB 'pocofoundationmdd.pdb' n'a pu être trouvé avec 'PocoFoundationmdd.lib(URIStreamFactory.obj)' ou sur 'C:\Users\perreiradasil-m\Desktop\openFrameworks-VS2013\openFrameworks-VS2013\addons\ofxBox2d\example-Simple\bin\pocofoundationmdd.pdb' ; l'objet sera lié sans informations de débogage
     1>PocoFoundationmdd.lib(URIStreamOpener.obj) : warning LNK4099: PDB 'pocofoundationmdd.pdb' n'a pu être trouvé avec 'PocoFoundationmdd.lib(URIStreamOpener.obj)' ou sur 'C:\Users\perreiradasil-m\Desktop\openFrameworks-VS2013\openFrameworks-VS2013\addons\ofxBox2d\example-Simple\bin\pocofoundationmdd.pdb' ; l'objet sera lié sans informations de débogage
     1>PocoNetmdd.lib(DNS.obj) : warning LNK4099: PDB 'poconetmdd.pdb' n'a pu être trouvé avec 'PocoNetmdd.lib(DNS.obj)' ou sur 'C:\Users\perreiradasil-m\Desktop\openFrameworks-VS2013\openFrameworks-VS2013\addons\ofxBox2d\example-Simple\bin\poconetmdd.pdb' ; l'objet sera lié sans informations de débogage
     1>PocoNetmdd.lib(HostEntry.obj) : warning LNK4099: PDB 'poconetmdd.pdb' n'a pu être trouvé avec 'PocoNetmdd.lib(HostEntry.obj)' ou sur 'C:\Users\perreiradasil-m\Desktop\openFrameworks-VS2013\openFrameworks-VS2013\addons\ofxBox2d\example-Simple\bin\poconetmdd.pdb' ; l'objet sera lié sans informations de débogage
     1>PocoNetmdd.lib(IPAddress.obj) : warning LNK4099: PDB 'poconetmdd.pdb' n'a pu être trouvé avec 'PocoNetmdd.lib(IPAddress.obj)' ou sur 'C:\Users\perreiradasil-m\Desktop\openFrameworks-VS2013\openFrameworks-VS2013\addons\ofxBox2d\example-Simple\bin\poconetmdd.pdb' ; l'objet sera lié sans informations de débogage
     1>PocoNetmdd.lib(IPAddressImpl.obj) : warning LNK4099: PDB 'poconetmdd.pdb' n'a pu être trouvé avec 'PocoNetmdd.lib(IPAddressImpl.obj)' ou sur 'C:\Users\perreiradasil-m\Desktop\openFrameworks-VS2013\openFrameworks-VS2013\addons\ofxBox2d\example-Simple\bin\poconetmdd.pdb' ; l'objet sera lié sans informations de débogage
     1>PocoNetmdd.lib(Net.obj) : warning LNK4099: PDB 'poconetmdd.pdb' n'a pu être trouvé avec 'PocoNetmdd.lib(Net.obj)' ou sur 'C:\Users\perreiradasil-m\Desktop\openFrameworks-VS2013\openFrameworks-VS2013\addons\ofxBox2d\example-Simple\bin\poconetmdd.pdb' ; l'objet sera lié sans informations de débogage
     1>PocoNetmdd.lib(NetException.obj) : warning LNK4099: PDB 'poconetmdd.pdb' n'a pu être trouvé avec 'PocoNetmdd.lib(NetException.obj)' ou sur 'C:\Users\perreiradasil-m\Desktop\openFrameworks-VS2013\openFrameworks-VS2013\addons\ofxBox2d\example-Simple\bin\poconetmdd.pdb' ; l'objet sera lié sans informations de débogage
     1>PocoNetmdd.lib(SocketAddress.obj) : warning LNK4099: PDB 'poconetmdd.pdb' n'a pu être trouvé avec 'PocoNetmdd.lib(SocketAddress.obj)' ou sur 'C:\Users\perreiradasil-m\Desktop\openFrameworks-VS2013\openFrameworks-VS2013\addons\ofxBox2d\example-Simple\bin\poconetmdd.pdb' ; l'objet sera lié sans informations de débogage
     1>PocoNetmdd.lib(SocketAddressImpl.obj) : warning LNK4099: PDB 'poconetmdd.pdb' n'a pu être trouvé avec 'PocoNetmdd.lib(SocketAddressImpl.obj)' ou sur 'C:\Users\perreiradasil-m\Desktop\openFrameworks-VS2013\openFrameworks-VS2013\addons\ofxBox2d\example-Simple\bin\poconetmdd.pdb' ; l'objet sera lié sans informations de débogage
     1>PocoNetmdd.lib(Socket.obj) : warning LNK4099: PDB 'poconetmdd.pdb' n'a pu être trouvé avec 'PocoNetmdd.lib(Socket.obj)' ou sur 'C:\Users\perreiradasil-m\Desktop\openFrameworks-VS2013\openFrameworks-VS2013\addons\ofxBox2d\example-Simple\bin\poconetmdd.pdb' ; l'objet sera lié sans informations de débogage
     1>PocoNetmdd.lib(SocketImpl.obj) : warning LNK4099: PDB 'poconetmdd.pdb' n'a pu être trouvé avec 'PocoNetmdd.lib(SocketImpl.obj)' ou sur 'C:\Users\perreiradasil-m\Desktop\openFrameworks-VS2013\openFrameworks-VS2013\addons\ofxBox2d\example-Simple\bin\poconetmdd.pdb' ; l'objet sera lié sans informations de débogage
     1>PocoNetmdd.lib(StreamSocket.obj) : warning LNK4099: PDB 'poconetmdd.pdb' n'a pu être trouvé avec 'PocoNetmdd.lib(StreamSocket.obj)' ou sur 'C:\Users\perreiradasil-m\Desktop\openFrameworks-VS2013\openFrameworks-VS2013\addons\ofxBox2d\example-Simple\bin\poconetmdd.pdb' ; l'objet sera lié sans informations de débogage
     1>PocoNetmdd.lib(StreamSocketImpl.obj) : warning LNK4099: PDB 'poconetmdd.pdb' n'a pu être trouvé avec 'PocoNetmdd.lib(StreamSocketImpl.obj)' ou sur 'C:\Users\perreiradasil-m\Desktop\openFrameworks-VS2013\openFrameworks-VS2013\addons\ofxBox2d\example-Simple\bin\poconetmdd.pdb' ; l'objet sera lié sans informations de débogage
     1>PocoNetmdd.lib(MediaType.obj) : warning LNK4099: PDB 'poconetmdd.pdb' n'a pu être trouvé avec 'PocoNetmdd.lib(MediaType.obj)' ou sur 'C:\Users\perreiradasil-m\Desktop\openFrameworks-VS2013\openFrameworks-VS2013\addons\ofxBox2d\example-Simple\bin\poconetmdd.pdb' ; l'objet sera lié sans informations de débogage
     1>PocoNetmdd.lib(MessageHeader.obj) : warning LNK4099: PDB 'poconetmdd.pdb' n'a pu être trouvé avec 'PocoNetmdd.lib(MessageHeader.obj)' ou sur 'C:\Users\perreiradasil-m\Desktop\openFrameworks-VS2013\openFrameworks-VS2013\addons\ofxBox2d\example-Simple\bin\poconetmdd.pdb' ; l'objet sera lié sans informations de débogage
     1>PocoNetmdd.lib(NameValueCollection.obj) : warning LNK4099: PDB 'poconetmdd.pdb' n'a pu être trouvé avec 'PocoNetmdd.lib(NameValueCollection.obj)' ou sur 'C:\Users\perreiradasil-m\Desktop\openFrameworks-VS2013\openFrameworks-VS2013\addons\ofxBox2d\example-Simple\bin\poconetmdd.pdb' ; l'objet sera lié sans informations de débogage
     1>PocoNetmdd.lib(HTTPAuthenticationParams.obj) : warning LNK4099: PDB 'poconetmdd.pdb' n'a pu être trouvé avec 'PocoNetmdd.lib(HTTPAuthenticationParams.obj)' ou sur 'C:\Users\perreiradasil-m\Desktop\openFrameworks-VS2013\openFrameworks-VS2013\addons\ofxBox2d\example-Simple\bin\poconetmdd.pdb' ; l'objet sera lié sans informations de débogage
     1>PocoNetmdd.lib(HTTPBasicCredentials.obj) : warning LNK4099: PDB 'poconetmdd.pdb' n'a pu être trouvé avec 'PocoNetmdd.lib(HTTPBasicCredentials.obj)' ou sur 'C:\Users\perreiradasil-m\Desktop\openFrameworks-VS2013\openFrameworks-VS2013\addons\ofxBox2d\example-Simple\bin\poconetmdd.pdb' ; l'objet sera lié sans informations de débogage
     1>PocoNetmdd.lib(HTTPBufferAllocator.obj) : warning LNK4099: PDB 'poconetmdd.pdb' n'a pu être trouvé avec 'PocoNetmdd.lib(HTTPBufferAllocator.obj)' ou sur 'C:\Users\perreiradasil-m\Desktop\openFrameworks-VS2013\openFrameworks-VS2013\addons\ofxBox2d\example-Simple\bin\poconetmdd.pdb' ; l'objet sera lié sans informations de débogage
     1>PocoNetmdd.lib(HTTPChunkedStream.obj) : warning LNK4099: PDB 'poconetmdd.pdb' n'a pu être trouvé avec 'PocoNetmdd.lib(HTTPChunkedStream.obj)' ou sur 'C:\Users\perreiradasil-m\Desktop\openFrameworks-VS2013\openFrameworks-VS2013\addons\ofxBox2d\example-Simple\bin\poconetmdd.pdb' ; l'objet sera lié sans informations de débogage
     1>PocoNetmdd.lib(HTTPCookie.obj) : warning LNK4099: PDB 'poconetmdd.pdb' n'a pu être trouvé avec 'PocoNetmdd.lib(HTTPCookie.obj)' ou sur 'C:\Users\perreiradasil-m\Desktop\openFrameworks-VS2013\openFrameworks-VS2013\addons\ofxBox2d\example-Simple\bin\poconetmdd.pdb' ; l'objet sera lié sans informations de débogage
     1>PocoNetmdd.lib(HTTPCredentials.obj) : warning LNK4099: PDB 'poconetmdd.pdb' n'a pu être trouvé avec 'PocoNetmdd.lib(HTTPCredentials.obj)' ou sur 'C:\Users\perreiradasil-m\Desktop\openFrameworks-VS2013\openFrameworks-VS2013\addons\ofxBox2d\example-Simple\bin\poconetmdd.pdb' ; l'objet sera lié sans informations de débogage
     1>PocoNetmdd.lib(HTTPDigestCredentials.obj) : warning LNK4099: PDB 'poconetmdd.pdb' n'a pu être trouvé avec 'PocoNetmdd.lib(HTTPDigestCredentials.obj)' ou sur 'C:\Users\perreiradasil-m\Desktop\openFrameworks-VS2013\openFrameworks-VS2013\addons\ofxBox2d\example-Simple\bin\poconetmdd.pdb' ; l'objet sera lié sans informations de débogage
     1>PocoNetmdd.lib(HTTPFixedLengthStream.obj) : warning LNK4099: PDB 'poconetmdd.pdb' n'a pu être trouvé avec 'PocoNetmdd.lib(HTTPFixedLengthStream.obj)' ou sur 'C:\Users\perreiradasil-m\Desktop\openFrameworks-VS2013\openFrameworks-VS2013\addons\ofxBox2d\example-Simple\bin\poconetmdd.pdb' ; l'objet sera lié sans informations de débogage
     1>PocoNetmdd.lib(HTTPHeaderStream.obj) : warning LNK4099: PDB 'poconetmdd.pdb' n'a pu être trouvé avec 'PocoNetmdd.lib(HTTPHeaderStream.obj)' ou sur 'C:\Users\perreiradasil-m\Desktop\openFrameworks-VS2013\openFrameworks-VS2013\addons\ofxBox2d\example-Simple\bin\poconetmdd.pdb' ; l'objet sera lié sans informations de débogage
     1>PocoNetmdd.lib(HTTPMessage.obj) : warning LNK4099: PDB 'poconetmdd.pdb' n'a pu être trouvé avec 'PocoNetmdd.lib(HTTPMessage.obj)' ou sur 'C:\Users\perreiradasil-m\Desktop\openFrameworks-VS2013\openFrameworks-VS2013\addons\ofxBox2d\example-Simple\bin\poconetmdd.pdb' ; l'objet sera lié sans informations de débogage
     1>PocoNetmdd.lib(HTTPRequest.obj) : warning LNK4099: PDB 'poconetmdd.pdb' n'a pu être trouvé avec 'PocoNetmdd.lib(HTTPRequest.obj)' ou sur 'C:\Users\perreiradasil-m\Desktop\openFrameworks-VS2013\openFrameworks-VS2013\addons\ofxBox2d\example-Simple\bin\poconetmdd.pdb' ; l'objet sera lié sans informations de débogage
     1>PocoNetmdd.lib(HTTPResponse.obj) : warning LNK4099: PDB 'poconetmdd.pdb' n'a pu être trouvé avec 'PocoNetmdd.lib(HTTPResponse.obj)' ou sur 'C:\Users\perreiradasil-m\Desktop\openFrameworks-VS2013\openFrameworks-VS2013\addons\ofxBox2d\example-Simple\bin\poconetmdd.pdb' ; l'objet sera lié sans informations de débogage
     1>PocoNetmdd.lib(HTTPSession.obj) : warning LNK4099: PDB 'poconetmdd.pdb' n'a pu être trouvé avec 'PocoNetmdd.lib(HTTPSession.obj)' ou sur 'C:\Users\perreiradasil-m\Desktop\openFrameworks-VS2013\openFrameworks-VS2013\addons\ofxBox2d\example-Simple\bin\poconetmdd.pdb' ; l'objet sera lié sans informations de débogage
     1>PocoNetmdd.lib(HTTPStream.obj) : warning LNK4099: PDB 'poconetmdd.pdb' n'a pu être trouvé avec 'PocoNetmdd.lib(HTTPStream.obj)' ou sur 'C:\Users\perreiradasil-m\Desktop\openFrameworks-VS2013\openFrameworks-VS2013\addons\ofxBox2d\example-Simple\bin\poconetmdd.pdb' ; l'objet sera lié sans informations de débogage
     1>PocoNetmdd.lib(HTTPClientSession.obj) : warning LNK4099: PDB 'poconetmdd.pdb' n'a pu être trouvé avec 'PocoNetmdd.lib(HTTPClientSession.obj)' ou sur 'C:\Users\perreiradasil-m\Desktop\openFrameworks-VS2013\openFrameworks-VS2013\addons\ofxBox2d\example-Simple\bin\poconetmdd.pdb' ; l'objet sera lié sans informations de débogage
     1>PocoNetmdd.lib(HTTPIOStream.obj) : warning LNK4099: PDB 'poconetmdd.pdb' n'a pu être trouvé avec 'PocoNetmdd.lib(HTTPIOStream.obj)' ou sur 'C:\Users\perreiradasil-m\Desktop\openFrameworks-VS2013\openFrameworks-VS2013\addons\ofxBox2d\example-Simple\bin\poconetmdd.pdb' ; l'objet sera lié sans informations de débogage
     1>PocoNetmdd.lib(HTTPStreamFactory.obj) : warning LNK4099: PDB 'poconetmdd.pdb' n'a pu être trouvé avec 'PocoNetmdd.lib(HTTPStreamFactory.obj)' ou sur 'C:\Users\perreiradasil-m\Desktop\openFrameworks-VS2013\openFrameworks-VS2013\addons\ofxBox2d\example-Simple\bin\poconetmdd.pdb' ; l'objet sera lié sans informations de débogage
     1>PocoUtilmdd.lib(Application.obj) : warning LNK4099: PDB 'pocoutilmdd.pdb' n'a pu être trouvé avec 'PocoUtilmdd.lib(Application.obj)' ou sur 'C:\Users\perreiradasil-m\Desktop\openFrameworks-VS2013\openFrameworks-VS2013\addons\ofxBox2d\example-Simple\bin\pocoutilmdd.pdb' ; l'objet sera lié sans informations de débogage
     1>PocoUtilmdd.lib(LoggingSubsystem.obj) : warning LNK4099: PDB 'pocoutilmdd.pdb' n'a pu être trouvé avec 'PocoUtilmdd.lib(LoggingSubsystem.obj)' ou sur 'C:\Users\perreiradasil-m\Desktop\openFrameworks-VS2013\openFrameworks-VS2013\addons\ofxBox2d\example-Simple\bin\pocoutilmdd.pdb' ; l'objet sera lié sans informations de débogage
     1>PocoUtilmdd.lib(Subsystem.obj) : warning LNK4099: PDB 'pocoutilmdd.pdb' n'a pu être trouvé avec 'PocoUtilmdd.lib(Subsystem.obj)' ou sur 'C:\Users\perreiradasil-m\Desktop\openFrameworks-VS2013\openFrameworks-VS2013\addons\ofxBox2d\example-Simple\bin\pocoutilmdd.pdb' ; l'objet sera lié sans informations de débogage
     1>PocoUtilmdd.lib(AbstractConfiguration.obj) : warning LNK4099: PDB 'pocoutilmdd.pdb' n'a pu être trouvé avec 'PocoUtilmdd.lib(AbstractConfiguration.obj)' ou sur 'C:\Users\perreiradasil-m\Desktop\openFrameworks-VS2013\openFrameworks-VS2013\addons\ofxBox2d\example-Simple\bin\pocoutilmdd.pdb' ; l'objet sera lié sans informations de débogage
     1>PocoUtilmdd.lib(ConfigurationView.obj) : warning LNK4099: PDB 'pocoutilmdd.pdb' n'a pu être trouvé avec 'PocoUtilmdd.lib(ConfigurationView.obj)' ou sur 'C:\Users\perreiradasil-m\Desktop\openFrameworks-VS2013\openFrameworks-VS2013\addons\ofxBox2d\example-Simple\bin\pocoutilmdd.pdb' ; l'objet sera lié sans informations de débogage
     1>PocoUtilmdd.lib(IniFileConfiguration.obj) : warning LNK4099: PDB 'pocoutilmdd.pdb' n'a pu être trouvé avec 'PocoUtilmdd.lib(IniFileConfiguration.obj)' ou sur 'C:\Users\perreiradasil-m\Desktop\openFrameworks-VS2013\openFrameworks-VS2013\addons\ofxBox2d\example-Simple\bin\pocoutilmdd.pdb' ; l'objet sera lié sans informations de débogage
     1>PocoUtilmdd.lib(JSONConfiguration.obj) : warning LNK4099: PDB 'pocoutilmdd.pdb' n'a pu être trouvé avec 'PocoUtilmdd.lib(JSONConfiguration.obj)' ou sur 'C:\Users\perreiradasil-m\Desktop\openFrameworks-VS2013\openFrameworks-VS2013\addons\ofxBox2d\example-Simple\bin\pocoutilmdd.pdb' ; l'objet sera lié sans informations de débogage
     1>PocoUtilmdd.lib(LayeredConfiguration.obj) : warning LNK4099: PDB 'pocoutilmdd.pdb' n'a pu être trouvé avec 'PocoUtilmdd.lib(LayeredConfiguration.obj)' ou sur 'C:\Users\perreiradasil-m\Desktop\openFrameworks-VS2013\openFrameworks-VS2013\addons\ofxBox2d\example-Simple\bin\pocoutilmdd.pdb' ; l'objet sera lié sans informations de débogage
     1>PocoUtilmdd.lib(LoggingConfigurator.obj) : warning LNK4099: PDB 'pocoutilmdd.pdb' n'a pu être trouvé avec 'PocoUtilmdd.lib(LoggingConfigurator.obj)' ou sur 'C:\Users\perreiradasil-m\Desktop\openFrameworks-VS2013\openFrameworks-VS2013\addons\ofxBox2d\example-Simple\bin\pocoutilmdd.pdb' ; l'objet sera lié sans informations de débogage
     1>PocoUtilmdd.lib(MapConfiguration.obj) : warning LNK4099: PDB 'pocoutilmdd.pdb' n'a pu être trouvé avec 'PocoUtilmdd.lib(MapConfiguration.obj)' ou sur 'C:\Users\perreiradasil-m\Desktop\openFrameworks-VS2013\openFrameworks-VS2013\addons\ofxBox2d\example-Simple\bin\pocoutilmdd.pdb' ; l'objet sera lié sans informations de débogage
     1>PocoUtilmdd.lib(PropertyFileConfiguration.obj) : warning LNK4099: PDB 'pocoutilmdd.pdb' n'a pu être trouvé avec 'PocoUtilmdd.lib(PropertyFileConfiguration.obj)' ou sur 'C:\Users\perreiradasil-m\Desktop\openFrameworks-VS2013\openFrameworks-VS2013\addons\ofxBox2d\example-Simple\bin\pocoutilmdd.pdb' ; l'objet sera lié sans informations de débogage
     1>PocoUtilmdd.lib(SystemConfiguration.obj) : warning LNK4099: PDB 'pocoutilmdd.pdb' n'a pu être trouvé avec 'PocoUtilmdd.lib(SystemConfiguration.obj)' ou sur 'C:\Users\perreiradasil-m\Desktop\openFrameworks-VS2013\openFrameworks-VS2013\addons\ofxBox2d\example-Simple\bin\pocoutilmdd.pdb' ; l'objet sera lié sans informations de débogage
     1>PocoUtilmdd.lib(XMLConfiguration.obj) : warning LNK4099: PDB 'pocoutilmdd.pdb' n'a pu être trouvé avec 'PocoUtilmdd.lib(XMLConfiguration.obj)' ou sur 'C:\Users\perreiradasil-m\Desktop\openFrameworks-VS2013\openFrameworks-VS2013\addons\ofxBox2d\example-Simple\bin\pocoutilmdd.pdb' ; l'objet sera lié sans informations de débogage
     1>PocoUtilmdd.lib(Option.obj) : warning LNK4099: PDB 'pocoutilmdd.pdb' n'a pu être trouvé avec 'PocoUtilmdd.lib(Option.obj)' ou sur 'C:\Users\perreiradasil-m\Desktop\openFrameworks-VS2013\openFrameworks-VS2013\addons\ofxBox2d\example-Simple\bin\pocoutilmdd.pdb' ; l'objet sera lié sans informations de débogage
     1>PocoUtilmdd.lib(OptionException.obj) : warning LNK4099: PDB 'pocoutilmdd.pdb' n'a pu être trouvé avec 'PocoUtilmdd.lib(OptionException.obj)' ou sur 'C:\Users\perreiradasil-m\Desktop\openFrameworks-VS2013\openFrameworks-VS2013\addons\ofxBox2d\example-Simple\bin\pocoutilmdd.pdb' ; l'objet sera lié sans informations de débogage
     1>PocoUtilmdd.lib(OptionProcessor.obj) : warning LNK4099: PDB 'pocoutilmdd.pdb' n'a pu être trouvé avec 'PocoUtilmdd.lib(OptionProcessor.obj)' ou sur 'C:\Users\perreiradasil-m\Desktop\openFrameworks-VS2013\openFrameworks-VS2013\addons\ofxBox2d\example-Simple\bin\pocoutilmdd.pdb' ; l'objet sera lié sans informations de débogage
     1>PocoUtilmdd.lib(OptionSet.obj) : warning LNK4099: PDB 'pocoutilmdd.pdb' n'a pu être trouvé avec 'PocoUtilmdd.lib(OptionSet.obj)' ou sur 'C:\Users\perreiradasil-m\Desktop\openFrameworks-VS2013\openFrameworks-VS2013\addons\ofxBox2d\example-Simple\bin\pocoutilmdd.pdb' ; l'objet sera lié sans informations de débogage
     1>PocoXMLmdd.lib(Name.obj) : warning LNK4099: PDB 'pocoxmlmdd.pdb' n'a pu être trouvé avec 'PocoXMLmdd.lib(Name.obj)' ou sur 'C:\Users\perreiradasil-m\Desktop\openFrameworks-VS2013\openFrameworks-VS2013\addons\ofxBox2d\example-Simple\bin\pocoxmlmdd.pdb' ; l'objet sera lié sans informations de débogage
     1>PocoXMLmdd.lib(NamePool.obj) : warning LNK4099: PDB 'pocoxmlmdd.pdb' n'a pu être trouvé avec 'PocoXMLmdd.lib(NamePool.obj)' ou sur 'C:\Users\perreiradasil-m\Desktop\openFrameworks-VS2013\openFrameworks-VS2013\addons\ofxBox2d\example-Simple\bin\pocoxmlmdd.pdb' ; l'objet sera lié sans informations de débogage
     1>PocoXMLmdd.lib(NamespaceStrategy.obj) : warning LNK4099: PDB 'pocoxmlmdd.pdb' n'a pu être trouvé avec 'PocoXMLmdd.lib(NamespaceStrategy.obj)' ou sur 'C:\Users\perreiradasil-m\Desktop\openFrameworks-VS2013\openFrameworks-VS2013\addons\ofxBox2d\example-Simple\bin\pocoxmlmdd.pdb' ; l'objet sera lié sans informations de débogage
     1>PocoXMLmdd.lib(ParserEngine.obj) : warning LNK4099: PDB 'pocoxmlmdd.pdb' n'a pu être trouvé avec 'PocoXMLmdd.lib(ParserEngine.obj)' ou sur 'C:\Users\perreiradasil-m\Desktop\openFrameworks-VS2013\openFrameworks-VS2013\addons\ofxBox2d\example-Simple\bin\pocoxmlmdd.pdb' ; l'objet sera lié sans informations de débogage
     1>PocoXMLmdd.lib(XMLException.obj) : warning LNK4099: PDB 'pocoxmlmdd.pdb' n'a pu être trouvé avec 'PocoXMLmdd.lib(XMLException.obj)' ou sur 'C:\Users\perreiradasil-m\Desktop\openFrameworks-VS2013\openFrameworks-VS2013\addons\ofxBox2d\example-Simple\bin\pocoxmlmdd.pdb' ; l'objet sera lié sans informations de débogage
     1>PocoXMLmdd.lib(XMLWriter.obj) : warning LNK4099: PDB 'pocoxmlmdd.pdb' n'a pu être trouvé avec 'PocoXMLmdd.lib(XMLWriter.obj)' ou sur 'C:\Users\perreiradasil-m\Desktop\openFrameworks-VS2013\openFrameworks-VS2013\addons\ofxBox2d\example-Simple\bin\pocoxmlmdd.pdb' ; l'objet sera lié sans informations de débogage
     1>PocoXMLmdd.lib(Attributes.obj) : warning LNK4099: PDB 'pocoxmlmdd.pdb' n'a pu être trouvé avec 'PocoXMLmdd.lib(Attributes.obj)' ou sur 'C:\Users\perreiradasil-m\Desktop\openFrameworks-VS2013\openFrameworks-VS2013\addons\ofxBox2d\example-Simple\bin\pocoxmlmdd.pdb' ; l'objet sera lié sans informations de débogage
     1>PocoXMLmdd.lib(AttributesImpl.obj) : warning LNK4099: PDB 'pocoxmlmdd.pdb' n'a pu être trouvé avec 'PocoXMLmdd.lib(AttributesImpl.obj)' ou sur 'C:\Users\perreiradasil-m\Desktop\openFrameworks-VS2013\openFrameworks-VS2013\addons\ofxBox2d\example-Simple\bin\pocoxmlmdd.pdb' ; l'objet sera lié sans informations de débogage
     1>PocoXMLmdd.lib(ContentHandler.obj) : warning LNK4099: PDB 'pocoxmlmdd.pdb' n'a pu être trouvé avec 'PocoXMLmdd.lib(ContentHandler.obj)' ou sur 'C:\Users\perreiradasil-m\Desktop\openFrameworks-VS2013\openFrameworks-VS2013\addons\ofxBox2d\example-Simple\bin\pocoxmlmdd.pdb' ; l'objet sera lié sans informations de débogage
     1>PocoXMLmdd.lib(DTDHandler.obj) : warning LNK4099: PDB 'pocoxmlmdd.pdb' n'a pu être trouvé avec 'PocoXMLmdd.lib(DTDHandler.obj)' ou sur 'C:\Users\perreiradasil-m\Desktop\openFrameworks-VS2013\openFrameworks-VS2013\addons\ofxBox2d\example-Simple\bin\pocoxmlmdd.pdb' ; l'objet sera lié sans informations de débogage
     1>PocoXMLmdd.lib(EntityResolver.obj) : warning LNK4099: PDB 'pocoxmlmdd.pdb' n'a pu être trouvé avec 'PocoXMLmdd.lib(EntityResolver.obj)' ou sur 'C:\Users\perreiradasil-m\Desktop\openFrameworks-VS2013\openFrameworks-VS2013\addons\ofxBox2d\example-Simple\bin\pocoxmlmdd.pdb' ; l'objet sera lié sans informations de débogage
     1>PocoXMLmdd.lib(EntityResolverImpl.obj) : warning LNK4099: PDB 'pocoxmlmdd.pdb' n'a pu être trouvé avec 'PocoXMLmdd.lib(EntityResolverImpl.obj)' ou sur 'C:\Users\perreiradasil-m\Desktop\openFrameworks-VS2013\openFrameworks-VS2013\addons\ofxBox2d\example-Simple\bin\pocoxmlmdd.pdb' ; l'objet sera lié sans informations de débogage
     1>PocoXMLmdd.lib(ErrorHandler.obj) : warning LNK4099: PDB 'pocoxmlmdd.pdb' n'a pu être trouvé avec 'PocoXMLmdd.lib(ErrorHandler.obj)' ou sur 'C:\Users\perreiradasil-m\Desktop\openFrameworks-VS2013\openFrameworks-VS2013\addons\ofxBox2d\example-Simple\bin\pocoxmlmdd.pdb' ; l'objet sera lié sans informations de débogage
     1>PocoXMLmdd.lib(InputSource.obj) : warning LNK4099: PDB 'pocoxmlmdd.pdb' n'a pu être trouvé avec 'PocoXMLmdd.lib(InputSource.obj)' ou sur 'C:\Users\perreiradasil-m\Desktop\openFrameworks-VS2013\openFrameworks-VS2013\addons\ofxBox2d\example-Simple\bin\pocoxmlmdd.pdb' ; l'objet sera lié sans informations de débogage
     1>PocoXMLmdd.lib(LexicalHandler.obj) : warning LNK4099: PDB 'pocoxmlmdd.pdb' n'a pu être trouvé avec 'PocoXMLmdd.lib(LexicalHandler.obj)' ou sur 'C:\Users\perreiradasil-m\Desktop\openFrameworks-VS2013\openFrameworks-VS2013\addons\ofxBox2d\example-Simple\bin\pocoxmlmdd.pdb' ; l'objet sera lié sans informations de débogage
     1>PocoXMLmdd.lib(Locator.obj) : warning LNK4099: PDB 'pocoxmlmdd.pdb' n'a pu être trouvé avec 'PocoXMLmdd.lib(Locator.obj)' ou sur 'C:\Users\perreiradasil-m\Desktop\openFrameworks-VS2013\openFrameworks-VS2013\addons\ofxBox2d\example-Simple\bin\pocoxmlmdd.pdb' ; l'objet sera lié sans informations de débogage
     1>PocoXMLmdd.lib(LocatorImpl.obj) : warning LNK4099: PDB 'pocoxmlmdd.pdb' n'a pu être trouvé avec 'PocoXMLmdd.lib(LocatorImpl.obj)' ou sur 'C:\Users\perreiradasil-m\Desktop\openFrameworks-VS2013\openFrameworks-VS2013\addons\ofxBox2d\example-Simple\bin\pocoxmlmdd.pdb' ; l'objet sera lié sans informations de débogage
     1>PocoXMLmdd.lib(NamespaceSupport.obj) : warning LNK4099: PDB 'pocoxmlmdd.pdb' n'a pu être trouvé avec 'PocoXMLmdd.lib(NamespaceSupport.obj)' ou sur 'C:\Users\perreiradasil-m\Desktop\openFrameworks-VS2013\openFrameworks-VS2013\addons\ofxBox2d\example-Simple\bin\pocoxmlmdd.pdb' ; l'objet sera lié sans informations de débogage
     1>PocoXMLmdd.lib(SAXException.obj) : warning LNK4099: PDB 'pocoxmlmdd.pdb' n'a pu être trouvé avec 'PocoXMLmdd.lib(SAXException.obj)' ou sur 'C:\Users\perreiradasil-m\Desktop\openFrameworks-VS2013\openFrameworks-VS2013\addons\ofxBox2d\example-Simple\bin\pocoxmlmdd.pdb' ; l'objet sera lié sans informations de débogage
     1>PocoXMLmdd.lib(SAXParser.obj) : warning LNK4099: PDB 'pocoxmlmdd.pdb' n'a pu être trouvé avec 'PocoXMLmdd.lib(SAXParser.obj)' ou sur 'C:\Users\perreiradasil-m\Desktop\openFrameworks-VS2013\openFrameworks-VS2013\addons\ofxBox2d\example-Simple\bin\pocoxmlmdd.pdb' ; l'objet sera lié sans informations de débogage
     1>PocoXMLmdd.lib(WhitespaceFilter.obj) : warning LNK4099: PDB 'pocoxmlmdd.pdb' n'a pu être trouvé avec 'PocoXMLmdd.lib(WhitespaceFilter.obj)' ou sur 'C:\Users\perreiradasil-m\Desktop\openFrameworks-VS2013\openFrameworks-VS2013\addons\ofxBox2d\example-Simple\bin\pocoxmlmdd.pdb' ; l'objet sera lié sans informations de débogage
     1>PocoXMLmdd.lib(XMLFilter.obj) : warning LNK4099: PDB 'pocoxmlmdd.pdb' n'a pu être trouvé avec 'PocoXMLmdd.lib(XMLFilter.obj)' ou sur 'C:\Users\perreiradasil-m\Desktop\openFrameworks-VS2013\openFrameworks-VS2013\addons\ofxBox2d\example-Simple\bin\pocoxmlmdd.pdb' ; l'objet sera lié sans informations de débogage
     1>PocoXMLmdd.lib(XMLFilterImpl.obj) : warning LNK4099: PDB 'pocoxmlmdd.pdb' n'a pu être trouvé avec 'PocoXMLmdd.lib(XMLFilterImpl.obj)' ou sur 'C:\Users\perreiradasil-m\Desktop\openFrameworks-VS2013\openFrameworks-VS2013\addons\ofxBox2d\example-Simple\bin\pocoxmlmdd.pdb' ; l'objet sera lié sans informations de débogage
     1>PocoXMLmdd.lib(XMLReader.obj) : warning LNK4099: PDB 'pocoxmlmdd.pdb' n'a pu être trouvé avec 'PocoXMLmdd.lib(XMLReader.obj)' ou sur 'C:\Users\perreiradasil-m\Desktop\openFrameworks-VS2013\openFrameworks-VS2013\addons\ofxBox2d\example-Simple\bin\pocoxmlmdd.pdb' ; l'objet sera lié sans informations de débogage
     1>PocoXMLmdd.lib(AbstractContainerNode.obj) : warning LNK4099: PDB 'pocoxmlmdd.pdb' n'a pu être trouvé avec 'PocoXMLmdd.lib(AbstractContainerNode.obj)' ou sur 'C:\Users\perreiradasil-m\Desktop\openFrameworks-VS2013\openFrameworks-VS2013\addons\ofxBox2d\example-Simple\bin\pocoxmlmdd.pdb' ; l'objet sera lié sans informations de débogage
     1>PocoXMLmdd.lib(AbstractNode.obj) : warning LNK4099: PDB 'pocoxmlmdd.pdb' n'a pu être trouvé avec 'PocoXMLmdd.lib(AbstractNode.obj)' ou sur 'C:\Users\perreiradasil-m\Desktop\openFrameworks-VS2013\openFrameworks-VS2013\addons\ofxBox2d\example-Simple\bin\pocoxmlmdd.pdb' ; l'objet sera lié sans informations de débogage
     1>PocoXMLmdd.lib(Attr.obj) : warning LNK4099: PDB 'pocoxmlmdd.pdb' n'a pu être trouvé avec 'PocoXMLmdd.lib(Attr.obj)' ou sur 'C:\Users\perreiradasil-m\Desktop\openFrameworks-VS2013\openFrameworks-VS2013\addons\ofxBox2d\example-Simple\bin\pocoxmlmdd.pdb' ; l'objet sera lié sans informations de débogage
     1>PocoXMLmdd.lib(AttrMap.obj) : warning LNK4099: PDB 'pocoxmlmdd.pdb' n'a pu être trouvé avec 'PocoXMLmdd.lib(AttrMap.obj)' ou sur 'C:\Users\perreiradasil-m\Desktop\openFrameworks-VS2013\openFrameworks-VS2013\addons\ofxBox2d\example-Simple\bin\pocoxmlmdd.pdb' ; l'objet sera lié sans informations de débogage
     1>PocoXMLmdd.lib(CDATASection.obj) : warning LNK4099: PDB 'pocoxmlmdd.pdb' n'a pu être trouvé avec 'PocoXMLmdd.lib(CDATASection.obj)' ou sur 'C:\Users\perreiradasil-m\Desktop\openFrameworks-VS2013\openFrameworks-VS2013\addons\ofxBox2d\example-Simple\bin\pocoxmlmdd.pdb' ; l'objet sera lié sans informations de débogage
     1>PocoXMLmdd.lib(CharacterData.obj) : warning LNK4099: PDB 'pocoxmlmdd.pdb' n'a pu être trouvé avec 'PocoXMLmdd.lib(CharacterData.obj)' ou sur 'C:\Users\perreiradasil-m\Desktop\openFrameworks-VS2013\openFrameworks-VS2013\addons\ofxBox2d\example-Simple\bin\pocoxmlmdd.pdb' ; l'objet sera lié sans informations de débogage
     1>PocoXMLmdd.lib(ChildNodesList.obj) : warning LNK4099: PDB 'pocoxmlmdd.pdb' n'a pu être trouvé avec 'PocoXMLmdd.lib(ChildNodesList.obj)' ou sur 'C:\Users\perreiradasil-m\Desktop\openFrameworks-VS2013\openFrameworks-VS2013\addons\ofxBox2d\example-Simple\bin\pocoxmlmdd.pdb' ; l'objet sera lié sans informations de débogage
     1>PocoXMLmdd.lib(Comment.obj) : warning LNK4099: PDB 'pocoxmlmdd.pdb' n'a pu être trouvé avec 'PocoXMLmdd.lib(Comment.obj)' ou sur 'C:\Users\perreiradasil-m\Desktop\openFrameworks-VS2013\openFrameworks-VS2013\addons\ofxBox2d\example-Simple\bin\pocoxmlmdd.pdb' ; l'objet sera lié sans informations de débogage
     1>PocoXMLmdd.lib(Document.obj) : warning LNK4099: PDB 'pocoxmlmdd.pdb' n'a pu être trouvé avec 'PocoXMLmdd.lib(Document.obj)' ou sur 'C:\Users\perreiradasil-m\Desktop\openFrameworks-VS2013\openFrameworks-VS2013\addons\ofxBox2d\example-Simple\bin\pocoxmlmdd.pdb' ; l'objet sera lié sans informations de débogage
     1>PocoXMLmdd.lib(DocumentEvent.obj) : warning LNK4099: PDB 'pocoxmlmdd.pdb' n'a pu être trouvé avec 'PocoXMLmdd.lib(DocumentEvent.obj)' ou sur 'C:\Users\perreiradasil-m\Desktop\openFrameworks-VS2013\openFrameworks-VS2013\addons\ofxBox2d\example-Simple\bin\pocoxmlmdd.pdb' ; l'objet sera lié sans informations de débogage
     1>PocoXMLmdd.lib(DocumentFragment.obj) : warning LNK4099: PDB 'pocoxmlmdd.pdb' n'a pu être trouvé avec 'PocoXMLmdd.lib(DocumentFragment.obj)' ou sur 'C:\Users\perreiradasil-m\Desktop\openFrameworks-VS2013\openFrameworks-VS2013\addons\ofxBox2d\example-Simple\bin\pocoxmlmdd.pdb' ; l'objet sera lié sans informations de débogage
     1>PocoXMLmdd.lib(DocumentType.obj) : warning LNK4099: PDB 'pocoxmlmdd.pdb' n'a pu être trouvé avec 'PocoXMLmdd.lib(DocumentType.obj)' ou sur 'C:\Users\perreiradasil-m\Desktop\openFrameworks-VS2013\openFrameworks-VS2013\addons\ofxBox2d\example-Simple\bin\pocoxmlmdd.pdb' ; l'objet sera lié sans informations de débogage
     1>PocoXMLmdd.lib(DOMBuilder.obj) : warning LNK4099: PDB 'pocoxmlmdd.pdb' n'a pu être trouvé avec 'PocoXMLmdd.lib(DOMBuilder.obj)' ou sur 'C:\Users\perreiradasil-m\Desktop\openFrameworks-VS2013\openFrameworks-VS2013\addons\ofxBox2d\example-Simple\bin\pocoxmlmdd.pdb' ; l'objet sera lié sans informations de débogage
     1>PocoXMLmdd.lib(DOMException.obj) : warning LNK4099: PDB 'pocoxmlmdd.pdb' n'a pu être trouvé avec 'PocoXMLmdd.lib(DOMException.obj)' ou sur 'C:\Users\perreiradasil-m\Desktop\openFrameworks-VS2013\openFrameworks-VS2013\addons\ofxBox2d\example-Simple\bin\pocoxmlmdd.pdb' ; l'objet sera lié sans informations de débogage
     1>PocoXMLmdd.lib(DOMImplementation.obj) : warning LNK4099: PDB 'pocoxmlmdd.pdb' n'a pu être trouvé avec 'PocoXMLmdd.lib(DOMImplementation.obj)' ou sur 'C:\Users\perreiradasil-m\Desktop\openFrameworks-VS2013\openFrameworks-VS2013\addons\ofxBox2d\example-Simple\bin\pocoxmlmdd.pdb' ; l'objet sera lié sans informations de débogage
     1>PocoXMLmdd.lib(DOMObject.obj) : warning LNK4099: PDB 'pocoxmlmdd.pdb' n'a pu être trouvé avec 'PocoXMLmdd.lib(DOMObject.obj)' ou sur 'C:\Users\perreiradasil-m\Desktop\openFrameworks-VS2013\openFrameworks-VS2013\addons\ofxBox2d\example-Simple\bin\pocoxmlmdd.pdb' ; l'objet sera lié sans informations de débogage
     1>PocoXMLmdd.lib(DOMParser.obj) : warning LNK4099: PDB 'pocoxmlmdd.pdb' n'a pu être trouvé avec 'PocoXMLmdd.lib(DOMParser.obj)' ou sur 'C:\Users\perreiradasil-m\Desktop\openFrameworks-VS2013\openFrameworks-VS2013\addons\ofxBox2d\example-Simple\bin\pocoxmlmdd.pdb' ; l'objet sera lié sans informations de débogage
     1>PocoXMLmdd.lib(DOMSerializer.obj) : warning LNK4099: PDB 'pocoxmlmdd.pdb' n'a pu être trouvé avec 'PocoXMLmdd.lib(DOMSerializer.obj)' ou sur 'C:\Users\perreiradasil-m\Desktop\openFrameworks-VS2013\openFrameworks-VS2013\addons\ofxBox2d\example-Simple\bin\pocoxmlmdd.pdb' ; l'objet sera lié sans informations de débogage
     1>PocoXMLmdd.lib(DOMWriter.obj) : warning LNK4099: PDB 'pocoxmlmdd.pdb' n'a pu être trouvé avec 'PocoXMLmdd.lib(DOMWriter.obj)' ou sur 'C:\Users\perreiradasil-m\Desktop\openFrameworks-VS2013\openFrameworks-VS2013\addons\ofxBox2d\example-Simple\bin\pocoxmlmdd.pdb' ; l'objet sera lié sans informations de débogage
     1>PocoXMLmdd.lib(DTDMap.obj) : warning LNK4099: PDB 'pocoxmlmdd.pdb' n'a pu être trouvé avec 'PocoXMLmdd.lib(DTDMap.obj)' ou sur 'C:\Users\perreiradasil-m\Desktop\openFrameworks-VS2013\openFrameworks-VS2013\addons\ofxBox2d\example-Simple\bin\pocoxmlmdd.pdb' ; l'objet sera lié sans informations de débogage
     1>PocoXMLmdd.lib(Element.obj) : warning LNK4099: PDB 'pocoxmlmdd.pdb' n'a pu être trouvé avec 'PocoXMLmdd.lib(Element.obj)' ou sur 'C:\Users\perreiradasil-m\Desktop\openFrameworks-VS2013\openFrameworks-VS2013\addons\ofxBox2d\example-Simple\bin\pocoxmlmdd.pdb' ; l'objet sera lié sans informations de débogage
     1>PocoXMLmdd.lib(ElementsByTagNameList.obj) : warning LNK4099: PDB 'pocoxmlmdd.pdb' n'a pu être trouvé avec 'PocoXMLmdd.lib(ElementsByTagNameList.obj)' ou sur 'C:\Users\perreiradasil-m\Desktop\openFrameworks-VS2013\openFrameworks-VS2013\addons\ofxBox2d\example-Simple\bin\pocoxmlmdd.pdb' ; l'objet sera lié sans informations de débogage
     1>PocoXMLmdd.lib(Entity.obj) : warning LNK4099: PDB 'pocoxmlmdd.pdb' n'a pu être trouvé avec 'PocoXMLmdd.lib(Entity.obj)' ou sur 'C:\Users\perreiradasil-m\Desktop\openFrameworks-VS2013\openFrameworks-VS2013\addons\ofxBox2d\example-Simple\bin\pocoxmlmdd.pdb' ; l'objet sera lié sans informations de débogage
     1>PocoXMLmdd.lib(EntityReference.obj) : warning LNK4099: PDB 'pocoxmlmdd.pdb' n'a pu être trouvé avec 'PocoXMLmdd.lib(EntityReference.obj)' ou sur 'C:\Users\perreiradasil-m\Desktop\openFrameworks-VS2013\openFrameworks-VS2013\addons\ofxBox2d\example-Simple\bin\pocoxmlmdd.pdb' ; l'objet sera lié sans informations de débogage
     1>PocoXMLmdd.lib(Event.obj) : warning LNK4099: PDB 'pocoxmlmdd.pdb' n'a pu être trouvé avec 'PocoXMLmdd.lib(Event.obj)' ou sur 'C:\Users\perreiradasil-m\Desktop\openFrameworks-VS2013\openFrameworks-VS2013\addons\ofxBox2d\example-Simple\bin\pocoxmlmdd.pdb' ; l'objet sera lié sans informations de débogage
     1>PocoXMLmdd.lib(EventDispatcher.obj) : warning LNK4099: PDB 'pocoxmlmdd.pdb' n'a pu être trouvé avec 'PocoXMLmdd.lib(EventDispatcher.obj)' ou sur 'C:\Users\perreiradasil-m\Desktop\openFrameworks-VS2013\openFrameworks-VS2013\addons\ofxBox2d\example-Simple\bin\pocoxmlmdd.pdb' ; l'objet sera lié sans informations de débogage
     1>PocoXMLmdd.lib(EventException.obj) : warning LNK4099: PDB 'pocoxmlmdd.pdb' n'a pu être trouvé avec 'PocoXMLmdd.lib(EventException.obj)' ou sur 'C:\Users\perreiradasil-m\Desktop\openFrameworks-VS2013\openFrameworks-VS2013\addons\ofxBox2d\example-Simple\bin\pocoxmlmdd.pdb' ; l'objet sera lié sans informations de débogage
     1>PocoXMLmdd.lib(EventTarget.obj) : warning LNK4099: PDB 'pocoxmlmdd.pdb' n'a pu être trouvé avec 'PocoXMLmdd.lib(EventTarget.obj)' ou sur 'C:\Users\perreiradasil-m\Desktop\openFrameworks-VS2013\openFrameworks-VS2013\addons\ofxBox2d\example-Simple\bin\pocoxmlmdd.pdb' ; l'objet sera lié sans informations de débogage
     1>PocoXMLmdd.lib(MutationEvent.obj) : warning LNK4099: PDB 'pocoxmlmdd.pdb' n'a pu être trouvé avec 'PocoXMLmdd.lib(MutationEvent.obj)' ou sur 'C:\Users\perreiradasil-m\Desktop\openFrameworks-VS2013\openFrameworks-VS2013\addons\ofxBox2d\example-Simple\bin\pocoxmlmdd.pdb' ; l'objet sera lié sans informations de débogage
     1>PocoXMLmdd.lib(NamedNodeMap.obj) : warning LNK4099: PDB 'pocoxmlmdd.pdb' n'a pu être trouvé avec 'PocoXMLmdd.lib(NamedNodeMap.obj)' ou sur 'C:\Users\perreiradasil-m\Desktop\openFrameworks-VS2013\openFrameworks-VS2013\addons\ofxBox2d\example-Simple\bin\pocoxmlmdd.pdb' ; l'objet sera lié sans informations de débogage
     1>PocoXMLmdd.lib(Node.obj) : warning LNK4099: PDB 'pocoxmlmdd.pdb' n'a pu être trouvé avec 'PocoXMLmdd.lib(Node.obj)' ou sur 'C:\Users\perreiradasil-m\Desktop\openFrameworks-VS2013\openFrameworks-VS2013\addons\ofxBox2d\example-Simple\bin\pocoxmlmdd.pdb' ; l'objet sera lié sans informations de débogage
     1>PocoXMLmdd.lib(NodeList.obj) : warning LNK4099: PDB 'pocoxmlmdd.pdb' n'a pu être trouvé avec 'PocoXMLmdd.lib(NodeList.obj)' ou sur 'C:\Users\perreiradasil-m\Desktop\openFrameworks-VS2013\openFrameworks-VS2013\addons\ofxBox2d\example-Simple\bin\pocoxmlmdd.pdb' ; l'objet sera lié sans informations de débogage
     1>PocoXMLmdd.lib(Notation.obj) : warning LNK4099: PDB 'pocoxmlmdd.pdb' n'a pu être trouvé avec 'PocoXMLmdd.lib(Notation.obj)' ou sur 'C:\Users\perreiradasil-m\Desktop\openFrameworks-VS2013\openFrameworks-VS2013\addons\ofxBox2d\example-Simple\bin\pocoxmlmdd.pdb' ; l'objet sera lié sans informations de débogage
     1>PocoXMLmdd.lib(ProcessingInstruction.obj) : warning LNK4099: PDB 'pocoxmlmdd.pdb' n'a pu être trouvé avec 'PocoXMLmdd.lib(ProcessingInstruction.obj)' ou sur 'C:\Users\perreiradasil-m\Desktop\openFrameworks-VS2013\openFrameworks-VS2013\addons\ofxBox2d\example-Simple\bin\pocoxmlmdd.pdb' ; l'objet sera lié sans informations de débogage
     1>PocoXMLmdd.lib(Text.obj) : warning LNK4099: PDB 'pocoxmlmdd.pdb' n'a pu être trouvé avec 'PocoXMLmdd.lib(Text.obj)' ou sur 'C:\Users\perreiradasil-m\Desktop\openFrameworks-VS2013\openFrameworks-VS2013\addons\ofxBox2d\example-Simple\bin\pocoxmlmdd.pdb' ; l'objet sera lié sans informations de débogage
     1>PocoXMLmdd.lib(xmlparse.obj) : warning LNK4099: PDB 'pocoxmlmdd.pdb' n'a pu être trouvé avec 'PocoXMLmdd.lib(xmlparse.obj)' ou sur 'C:\Users\perreiradasil-m\Desktop\openFrameworks-VS2013\openFrameworks-VS2013\addons\ofxBox2d\example-Simple\bin\pocoxmlmdd.pdb' ; l'objet sera lié sans informations de débogage
     1>PocoXMLmdd.lib(xmlrole.obj) : warning LNK4099: PDB 'pocoxmlmdd.pdb' n'a pu être trouvé avec 'PocoXMLmdd.lib(xmlrole.obj)' ou sur 'C:\Users\perreiradasil-m\Desktop\openFrameworks-VS2013\openFrameworks-VS2013\addons\ofxBox2d\example-Simple\bin\pocoxmlmdd.pdb' ; l'objet sera lié sans informations de débogage
     1>PocoXMLmdd.lib(xmltok.obj) : warning LNK4099: PDB 'pocoxmlmdd.pdb' n'a pu être trouvé avec 'PocoXMLmdd.lib(xmltok.obj)' ou sur 'C:\Users\perreiradasil-m\Desktop\openFrameworks-VS2013\openFrameworks-VS2013\addons\ofxBox2d\example-Simple\bin\pocoxmlmdd.pdb' ; l'objet sera lié sans informations de débogage
     1>tess2.lib(bucketalloc.obj) : warning LNK4099: PDB 'vc110.pdb' n'a pu être trouvé avec 'tess2.lib(bucketalloc.obj)' ou sur 'C:\Users\perreiradasil-m\Desktop\openFrameworks-VS2013\openFrameworks-VS2013\addons\ofxBox2d\example-Simple\bin\vc110.pdb' ; l'objet sera lié sans informations de débogage
     1>tess2.lib(dict.obj) : warning LNK4099: PDB 'vc110.pdb' n'a pu être trouvé avec 'tess2.lib(dict.obj)' ou sur 'C:\Users\perreiradasil-m\Desktop\openFrameworks-VS2013\openFrameworks-VS2013\addons\ofxBox2d\example-Simple\bin\vc110.pdb' ; l'objet sera lié sans informations de débogage
     1>tess2.lib(geom.obj) : warning LNK4099: PDB 'vc110.pdb' n'a pu être trouvé avec 'tess2.lib(geom.obj)' ou sur 'C:\Users\perreiradasil-m\Desktop\openFrameworks-VS2013\openFrameworks-VS2013\addons\ofxBox2d\example-Simple\bin\vc110.pdb' ; l'objet sera lié sans informations de débogage
     1>tess2.lib(mesh.obj) : warning LNK4099: PDB 'vc110.pdb' n'a pu être trouvé avec 'tess2.lib(mesh.obj)' ou sur 'C:\Users\perreiradasil-m\Desktop\openFrameworks-VS2013\openFrameworks-VS2013\addons\ofxBox2d\example-Simple\bin\vc110.pdb' ; l'objet sera lié sans informations de débogage
     1>tess2.lib(priorityq.obj) : warning LNK4099: PDB 'vc110.pdb' n'a pu être trouvé avec 'tess2.lib(priorityq.obj)' ou sur 'C:\Users\perreiradasil-m\Desktop\openFrameworks-VS2013\openFrameworks-VS2013\addons\ofxBox2d\example-Simple\bin\vc110.pdb' ; l'objet sera lié sans informations de débogage
     1>tess2.lib(sweep.obj) : warning LNK4099: PDB 'vc110.pdb' n'a pu être trouvé avec 'tess2.lib(sweep.obj)' ou sur 'C:\Users\perreiradasil-m\Desktop\openFrameworks-VS2013\openFrameworks-VS2013\addons\ofxBox2d\example-Simple\bin\vc110.pdb' ; l'objet sera lié sans informations de débogage
     1>tess2.lib(tess.obj) : warning LNK4099: PDB 'vc110.pdb' n'a pu être trouvé avec 'tess2.lib(tess.obj)' ou sur 'C:\Users\perreiradasil-m\Desktop\openFrameworks-VS2013\openFrameworks-VS2013\addons\ofxBox2d\example-Simple\bin\vc110.pdb' ; l'objet sera lié sans informations de débogage
     1>PocoNetSSLmdd.lib(AcceptCertificateHandler.obj) : warning LNK4099: PDB 'poconetsslmdd.pdb' n'a pu être trouvé avec 'PocoNetSSLmdd.lib(AcceptCertificateHandler.obj)' ou sur 'C:\Users\perreiradasil-m\Desktop\openFrameworks-VS2013\openFrameworks-VS2013\addons\ofxBox2d\example-Simple\bin\poconetsslmdd.pdb' ; l'objet sera lié sans informations de débogage
     1>PocoNetSSLmdd.lib(CertificateHandlerFactory.obj) : warning LNK4099: PDB 'poconetsslmdd.pdb' n'a pu être trouvé avec 'PocoNetSSLmdd.lib(CertificateHandlerFactory.obj)' ou sur 'C:\Users\perreiradasil-m\Desktop\openFrameworks-VS2013\openFrameworks-VS2013\addons\ofxBox2d\example-Simple\bin\poconetsslmdd.pdb' ; l'objet sera lié sans informations de débogage
     1>PocoNetSSLmdd.lib(CertificateHandlerFactoryMgr.obj) : warning LNK4099: PDB 'poconetsslmdd.pdb' n'a pu être trouvé avec 'PocoNetSSLmdd.lib(CertificateHandlerFactoryMgr.obj)' ou sur 'C:\Users\perreiradasil-m\Desktop\openFrameworks-VS2013\openFrameworks-VS2013\addons\ofxBox2d\example-Simple\bin\poconetsslmdd.pdb' ; l'objet sera lié sans informations de débogage
     1>PocoNetSSLmdd.lib(ConsoleCertificateHandler.obj) : warning LNK4099: PDB 'poconetsslmdd.pdb' n'a pu être trouvé avec 'PocoNetSSLmdd.lib(ConsoleCertificateHandler.obj)' ou sur 'C:\Users\perreiradasil-m\Desktop\openFrameworks-VS2013\openFrameworks-VS2013\addons\ofxBox2d\example-Simple\bin\poconetsslmdd.pdb' ; l'objet sera lié sans informations de débogage
     1>PocoNetSSLmdd.lib(Context.obj) : warning LNK4099: PDB 'poconetsslmdd.pdb' n'a pu être trouvé avec 'PocoNetSSLmdd.lib(Context.obj)' ou sur 'C:\Users\perreiradasil-m\Desktop\openFrameworks-VS2013\openFrameworks-VS2013\addons\ofxBox2d\example-Simple\bin\poconetsslmdd.pdb' ; l'objet sera lié sans informations de débogage
     1>PocoNetSSLmdd.lib(InvalidCertificateHandler.obj) : warning LNK4099: PDB 'poconetsslmdd.pdb' n'a pu être trouvé avec 'PocoNetSSLmdd.lib(InvalidCertificateHandler.obj)' ou sur 'C:\Users\perreiradasil-m\Desktop\openFrameworks-VS2013\openFrameworks-VS2013\addons\ofxBox2d\example-Simple\bin\poconetsslmdd.pdb' ; l'objet sera lié sans informations de débogage
     1>PocoNetSSLmdd.lib(KeyConsoleHandler.obj) : warning LNK4099: PDB 'poconetsslmdd.pdb' n'a pu être trouvé avec 'PocoNetSSLmdd.lib(KeyConsoleHandler.obj)' ou sur 'C:\Users\perreiradasil-m\Desktop\openFrameworks-VS2013\openFrameworks-VS2013\addons\ofxBox2d\example-Simple\bin\poconetsslmdd.pdb' ; l'objet sera lié sans informations de débogage
     1>PocoNetSSLmdd.lib(KeyFileHandler.obj) : warning LNK4099: PDB 'poconetsslmdd.pdb' n'a pu être trouvé avec 'PocoNetSSLmdd.lib(KeyFileHandler.obj)' ou sur 'C:\Users\perreiradasil-m\Desktop\openFrameworks-VS2013\openFrameworks-VS2013\addons\ofxBox2d\example-Simple\bin\poconetsslmdd.pdb' ; l'objet sera lié sans informations de débogage
     1>PocoNetSSLmdd.lib(PrivateKeyFactory.obj) : warning LNK4099: PDB 'poconetsslmdd.pdb' n'a pu être trouvé avec 'PocoNetSSLmdd.lib(PrivateKeyFactory.obj)' ou sur 'C:\Users\perreiradasil-m\Desktop\openFrameworks-VS2013\openFrameworks-VS2013\addons\ofxBox2d\example-Simple\bin\poconetsslmdd.pdb' ; l'objet sera lié sans informations de débogage
     1>PocoNetSSLmdd.lib(PrivateKeyFactoryMgr.obj) : warning LNK4099: PDB 'poconetsslmdd.pdb' n'a pu être trouvé avec 'PocoNetSSLmdd.lib(PrivateKeyFactoryMgr.obj)' ou sur 'C:\Users\perreiradasil-m\Desktop\openFrameworks-VS2013\openFrameworks-VS2013\addons\ofxBox2d\example-Simple\bin\poconetsslmdd.pdb' ; l'objet sera lié sans informations de débogage
     1>PocoNetSSLmdd.lib(PrivateKeyPassphraseHandler.obj) : warning LNK4099: PDB 'poconetsslmdd.pdb' n'a pu être trouvé avec 'PocoNetSSLmdd.lib(PrivateKeyPassphraseHandler.obj)' ou sur 'C:\Users\perreiradasil-m\Desktop\openFrameworks-VS2013\openFrameworks-VS2013\addons\ofxBox2d\example-Simple\bin\poconetsslmdd.pdb' ; l'objet sera lié sans informations de débogage
     1>PocoNetSSLmdd.lib(RejectCertificateHandler.obj) : warning LNK4099: PDB 'poconetsslmdd.pdb' n'a pu être trouvé avec 'PocoNetSSLmdd.lib(RejectCertificateHandler.obj)' ou sur 'C:\Users\perreiradasil-m\Desktop\openFrameworks-VS2013\openFrameworks-VS2013\addons\ofxBox2d\example-Simple\bin\poconetsslmdd.pdb' ; l'objet sera lié sans informations de débogage
     1>PocoNetSSLmdd.lib(Session.obj) : warning LNK4099: PDB 'poconetsslmdd.pdb' n'a pu être trouvé avec 'PocoNetSSLmdd.lib(Session.obj)' ou sur 'C:\Users\perreiradasil-m\Desktop\openFrameworks-VS2013\openFrameworks-VS2013\addons\ofxBox2d\example-Simple\bin\poconetsslmdd.pdb' ; l'objet sera lié sans informations de débogage
     1>PocoNetSSLmdd.lib(SSLException.obj) : warning LNK4099: PDB 'poconetsslmdd.pdb' n'a pu être trouvé avec 'PocoNetSSLmdd.lib(SSLException.obj)' ou sur 'C:\Users\perreiradasil-m\Desktop\openFrameworks-VS2013\openFrameworks-VS2013\addons\ofxBox2d\example-Simple\bin\poconetsslmdd.pdb' ; l'objet sera lié sans informations de débogage
     1>PocoNetSSLmdd.lib(SSLManager.obj) : warning LNK4099: PDB 'poconetsslmdd.pdb' n'a pu être trouvé avec 'PocoNetSSLmdd.lib(SSLManager.obj)' ou sur 'C:\Users\perreiradasil-m\Desktop\openFrameworks-VS2013\openFrameworks-VS2013\addons\ofxBox2d\example-Simple\bin\poconetsslmdd.pdb' ; l'objet sera lié sans informations de débogage
     1>PocoNetSSLmdd.lib(Utility.obj) : warning LNK4099: PDB 'poconetsslmdd.pdb' n'a pu être trouvé avec 'PocoNetSSLmdd.lib(Utility.obj)' ou sur 'C:\Users\perreiradasil-m\Desktop\openFrameworks-VS2013\openFrameworks-VS2013\addons\ofxBox2d\example-Simple\bin\poconetsslmdd.pdb' ; l'objet sera lié sans informations de débogage
     1>PocoNetSSLmdd.lib(VerificationErrorArgs.obj) : warning LNK4099: PDB 'poconetsslmdd.pdb' n'a pu être trouvé avec 'PocoNetSSLmdd.lib(VerificationErrorArgs.obj)' ou sur 'C:\Users\perreiradasil-m\Desktop\openFrameworks-VS2013\openFrameworks-VS2013\addons\ofxBox2d\example-Simple\bin\poconetsslmdd.pdb' ; l'objet sera lié sans informations de débogage
     1>PocoNetSSLmdd.lib(X509Certificate.obj) : warning LNK4099: PDB 'poconetsslmdd.pdb' n'a pu être trouvé avec 'PocoNetSSLmdd.lib(X509Certificate.obj)' ou sur 'C:\Users\perreiradasil-m\Desktop\openFrameworks-VS2013\openFrameworks-VS2013\addons\ofxBox2d\example-Simple\bin\poconetsslmdd.pdb' ; l'objet sera lié sans informations de débogage
     1>PocoNetSSLmdd.lib(HTTPSClientSession.obj) : warning LNK4099: PDB 'poconetsslmdd.pdb' n'a pu être trouvé avec 'PocoNetSSLmdd.lib(HTTPSClientSession.obj)' ou sur 'C:\Users\perreiradasil-m\Desktop\openFrameworks-VS2013\openFrameworks-VS2013\addons\ofxBox2d\example-Simple\bin\poconetsslmdd.pdb' ; l'objet sera lié sans informations de débogage
     1>PocoNetSSLmdd.lib(HTTPSStreamFactory.obj) : warning LNK4099: PDB 'poconetsslmdd.pdb' n'a pu être trouvé avec 'PocoNetSSLmdd.lib(HTTPSStreamFactory.obj)' ou sur 'C:\Users\perreiradasil-m\Desktop\openFrameworks-VS2013\openFrameworks-VS2013\addons\ofxBox2d\example-Simple\bin\poconetsslmdd.pdb' ; l'objet sera lié sans informations de débogage
     1>PocoNetSSLmdd.lib(SecureSocketImpl.obj) : warning LNK4099: PDB 'poconetsslmdd.pdb' n'a pu être trouvé avec 'PocoNetSSLmdd.lib(SecureSocketImpl.obj)' ou sur 'C:\Users\perreiradasil-m\Desktop\openFrameworks-VS2013\openFrameworks-VS2013\addons\ofxBox2d\example-Simple\bin\poconetsslmdd.pdb' ; l'objet sera lié sans informations de débogage
     1>PocoNetSSLmdd.lib(SecureStreamSocket.obj) : warning LNK4099: PDB 'poconetsslmdd.pdb' n'a pu être trouvé avec 'PocoNetSSLmdd.lib(SecureStreamSocket.obj)' ou sur 'C:\Users\perreiradasil-m\Desktop\openFrameworks-VS2013\openFrameworks-VS2013\addons\ofxBox2d\example-Simple\bin\poconetsslmdd.pdb' ; l'objet sera lié sans informations de débogage
     1>PocoNetSSLmdd.lib(SecureStreamSocketImpl.obj) : warning LNK4099: PDB 'poconetsslmdd.pdb' n'a pu être trouvé avec 'PocoNetSSLmdd.lib(SecureStreamSocketImpl.obj)' ou sur 'C:\Users\perreiradasil-m\Desktop\openFrameworks-VS2013\openFrameworks-VS2013\addons\ofxBox2d\example-Simple\bin\poconetsslmdd.pdb' ; l'objet sera lié sans informations de débogage
     1>PocoCryptomdd.lib(X509Certificate.obj) : warning LNK4099: PDB 'pococryptomdd.pdb' n'a pu être trouvé avec 'PocoCryptomdd.lib(X509Certificate.obj)' ou sur 'C:\Users\perreiradasil-m\Desktop\openFrameworks-VS2013\openFrameworks-VS2013\addons\ofxBox2d\example-Simple\bin\pococryptomdd.pdb' ; l'objet sera lié sans informations de débogage
     1>PocoCryptomdd.lib(OpenSSLInitializer.obj) : warning LNK4099: PDB 'pococryptomdd.pdb' n'a pu être trouvé avec 'PocoCryptomdd.lib(OpenSSLInitializer.obj)' ou sur 'C:\Users\perreiradasil-m\Desktop\openFrameworks-VS2013\openFrameworks-VS2013\addons\ofxBox2d\example-Simple\bin\pococryptomdd.pdb' ; l'objet sera lié sans informations de débogage
     1>PocoJSONmdd.lib(Array.obj) : warning LNK4099: PDB 'pocojsonmdd.pdb' n'a pu être trouvé avec 'PocoJSONmdd.lib(Array.obj)' ou sur 'C:\Users\perreiradasil-m\Desktop\openFrameworks-VS2013\openFrameworks-VS2013\addons\ofxBox2d\example-Simple\bin\pocojsonmdd.pdb' ; l'objet sera lié sans informations de débogage
     1>PocoJSONmdd.lib(ParseHandler.obj) : warning LNK4099: PDB 'pocojsonmdd.pdb' n'a pu être trouvé avec 'PocoJSONmdd.lib(ParseHandler.obj)' ou sur 'C:\Users\perreiradasil-m\Desktop\openFrameworks-VS2013\openFrameworks-VS2013\addons\ofxBox2d\example-Simple\bin\pocojsonmdd.pdb' ; l'objet sera lié sans informations de débogage
     1>PocoJSONmdd.lib(Handler.obj) : warning LNK4099: PDB 'pocojsonmdd.pdb' n'a pu être trouvé avec 'PocoJSONmdd.lib(Handler.obj)' ou sur 'C:\Users\perreiradasil-m\Desktop\openFrameworks-VS2013\openFrameworks-VS2013\addons\ofxBox2d\example-Simple\bin\pocojsonmdd.pdb' ; l'objet sera lié sans informations de débogage
     1>PocoJSONmdd.lib(JSONException.obj) : warning LNK4099: PDB 'pocojsonmdd.pdb' n'a pu être trouvé avec 'PocoJSONmdd.lib(JSONException.obj)' ou sur 'C:\Users\perreiradasil-m\Desktop\openFrameworks-VS2013\openFrameworks-VS2013\addons\ofxBox2d\example-Simple\bin\pocojsonmdd.pdb' ; l'objet sera lié sans informations de débogage
     1>PocoJSONmdd.lib(Object.obj) : warning LNK4099: PDB 'pocojsonmdd.pdb' n'a pu être trouvé avec 'PocoJSONmdd.lib(Object.obj)' ou sur 'C:\Users\perreiradasil-m\Desktop\openFrameworks-VS2013\openFrameworks-VS2013\addons\ofxBox2d\example-Simple\bin\pocojsonmdd.pdb' ; l'objet sera lié sans informations de débogage
     1>PocoJSONmdd.lib(Parser.obj) : warning LNK4099: PDB 'pocojsonmdd.pdb' n'a pu être trouvé avec 'PocoJSONmdd.lib(Parser.obj)' ou sur 'C:\Users\perreiradasil-m\Desktop\openFrameworks-VS2013\openFrameworks-VS2013\addons\ofxBox2d\example-Simple\bin\pocojsonmdd.pdb' ; l'objet sera lié sans informations de débogage
     1>PocoJSONmdd.lib(Query.obj) : warning LNK4099: PDB 'pocojsonmdd.pdb' n'a pu être trouvé avec 'PocoJSONmdd.lib(Query.obj)' ou sur 'C:\Users\perreiradasil-m\Desktop\openFrameworks-VS2013\openFrameworks-VS2013\addons\ofxBox2d\example-Simple\bin\pocojsonmdd.pdb' ; l'objet sera lié sans informations de débogage
     1>PocoJSONmdd.lib(Stringifier.obj) : warning LNK4099: PDB 'pocojsonmdd.pdb' n'a pu être trouvé avec 'PocoJSONmdd.lib(Stringifier.obj)' ou sur 'C:\Users\perreiradasil-m\Desktop\openFrameworks-VS2013\openFrameworks-VS2013\addons\ofxBox2d\example-Simple\bin\pocojsonmdd.pdb' ; l'objet sera lié sans informations de débogage
         example-Simple.vcxproj -> C:\Users\perreiradasil-m\Desktop\openFrameworks-VS2013\openFrameworks-VS2013\addons\ofxBox2d\example-Simple\bin\example-Simple_debug.exe
       PostBuildEvent:
         xcopy /e /i /y "C:\Users\perreiradasil-m\Desktop\openFrameworks-VS2013\openFrameworks-VS2013\addons\ofxBox2d\example-Simple\..\..\..\export\vs\*.dll" "C:\Users\perreiradasil-m\Desktop\openFrameworks-VS2013\openFrameworks-VS2013\addons\ofxBox2d\example-Simple\bin"
         :VCEnd
         C:\Users\perreiradasil-m\Desktop\openFrameworks-VS2013\openFrameworks-VS2013\addons\ofxBox2d\example-Simple\..\..\..\export\vs\Assimp32.dll
         C:\Users\perreiradasil-m\Desktop\openFrameworks-VS2013\openFrameworks-VS2013\addons\ofxBox2d\example-Simple\..\..\..\export\vs\fmodex.dll
         C:\Users\perreiradasil-m\Desktop\openFrameworks-VS2013\openFrameworks-VS2013\addons\ofxBox2d\example-Simple\..\..\..\export\vs\fmodexL.dll
         C:\Users\perreiradasil-m\Desktop\openFrameworks-VS2013\openFrameworks-VS2013\addons\ofxBox2d\example-Simple\..\..\..\export\vs\FreeImage.dll
         C:\Users\perreiradasil-m\Desktop\openFrameworks-VS2013\openFrameworks-VS2013\addons\ofxBox2d\example-Simple\..\..\..\export\vs\FreeType-6.dll
         C:\Users\perreiradasil-m\Desktop\openFrameworks-VS2013\openFrameworks-VS2013\addons\ofxBox2d\example-Simple\..\..\..\export\vs\glut32.dll
         C:\Users\perreiradasil-m\Desktop\openFrameworks-VS2013\openFrameworks-VS2013\addons\ofxBox2d\example-Simple\..\..\..\export\vs\libeay32.dll
         C:\Users\perreiradasil-m\Desktop\openFrameworks-VS2013\openFrameworks-VS2013\addons\ofxBox2d\example-Simple\..\..\..\export\vs\ssleay32.dll
         C:\Users\perreiradasil-m\Desktop\openFrameworks-VS2013\openFrameworks-VS2013\addons\ofxBox2d\example-Simple\..\..\..\export\vs\Zlib.dll
         9 fichier(s) copié(s)
     1>Génération du projet "C:\Users\perreiradasil-m\Desktop\openFrameworks-VS2013\openFrameworks-VS2013\addons\ofxBox2d\example-Simple\example-Simple.vcxproj" terminée (Build cible(s)).

La génération a réussi.

Temps écoulé 00:00:03.06
