La génération a démarré 23/04/2014 16:34:39.
     1>Projet "C:\Program Files (x86)\Microsoft Visual Studio 12.0\openFrameworks-VS2013\addons\ofxBox2d\example-Simple\example-Simple.vcxproj" sur le nœud 2 (Build cible(s)).
     1>ClCompile:
         C:\Program Files (x86)\Microsoft Visual Studio 12.0\VC\bin\CL.exe /c /I..\..\..\libs\openFrameworks /I..\..\..\libs\openFrameworks\graphics /I..\..\..\libs\openFrameworks\app /I..\..\..\libs\openFrameworks\sound /I..\..\..\libs\openFrameworks\utils /I..\..\..\libs\openFrameworks\communication /I..\..\..\libs\openFrameworks\video /I..\..\..\libs\openFrameworks\types /I..\..\..\libs\openFrameworks\math /I..\..\..\libs\openFrameworks\3d /I..\..\..\libs\openFrameworks\gl /I..\..\..\libs\openFrameworks\events /I..\..\..\libs\glut\include /I..\..\..\libs\rtAudio\include /I..\..\..\libs\quicktime\include /I..\..\..\libs\freetype\include /I..\..\..\libs\freetype\include\freetype2 /I..\..\..\libs\freeImage\include /I..\..\..\libs\fmodex\include /I..\..\..\libs\videoInput\include /I..\..\..\libs\glew\include\ /I..\..\..\libs\glu\include /I..\..\..\libs\tess2\include /I..\..\..\libs\cairo\include\cairo /I..\..\..\libs\poco\include /I..\..\..\libs\glfw\include /I..\..\..\libs\openssl\include /I..\..\..\addons /Isrc /I..\..\..\addons\ofxBox2d\libs /I..\..\..\addons\ofxBox2d\libs\Box2D /I..\..\..\addons\ofxBox2d\libs\Box2D\Collision /I..\..\..\addons\ofxBox2d\libs\Box2D\Collision\Shapes /I..\..\..\addons\ofxBox2d\libs\Box2D\Common /I..\..\..\addons\ofxBox2d\libs\Box2D\Dynamics /I..\..\..\addons\ofxBox2d\libs\Box2D\Dynamics\Contacts /I..\..\..\addons\ofxBox2d\libs\Box2D\Dynamics\Joints /I..\..\..\addons\ofxBox2d\libs\triangle /I..\..\..\addons\ofxBox2d\src /nologo /W3 /WX- /O2 /Oy- /D NO_TIMER /D WIN32 /D NDEBUG /D _CONSOLE /D POCO_STATIC /D CAIRO_WIN32_STATIC_BUILD /D DISABLE_SOME_FLOATING_POINT /D _UNICODE /D UNICODE /Gm- /EHsc /MD /GS /fp:precise /Zc:wchar_t /Zc:forScope /Fo"obj\Release\\" /Fd"obj\Release\vc120.pdb" /Gd /TP /analyze- /errorReport:prompt src\Module_Chateau\Src\Grains.cpp src\testApp.cpp
         Grains.cpp
     1>c:\program files (x86)\microsoft visual studio 12.0\openframeworks-vs2013\addons\ofxbox2d\example-simple\src\module_chateau\header\../../Util/Timer.h(8): warning C4244: '=' : conversion de 'time_t' en 'unsigned long', perte possible de données
     1>c:\program files (x86)\microsoft visual studio 12.0\openframeworks-vs2013\addons\ofxbox2d\example-simple\src\module_chateau\header\../../Util/Timer.h(12): warning C4244: 'return' : conversion de 'time_t' en 'unsigned long', perte possible de données
     1>src\Module_Chateau\Src\Grains.cpp(4): error C2511: 'Grains::Grains(int,int,Position *)' : impossible de trouver la fonction membre surchargée dans 'Grains'
                 c:\program files (x86)\microsoft visual studio 12.0\openframeworks-vs2013\addons\ofxbox2d\example-simple\src\module_chateau\src\../Header/Grains.h(10) : voir la déclaration de 'Grains'
     1>src\Module_Chateau\Src\Grains.cpp(4): error C2550: 'Grains::{ctor}' : les listes d'initialiseurs de constructeur ne sont autorisées que dans la définition d'un constructeur
     1>src\Module_Chateau\Src\Grains.cpp(5): error C2228: la partie gauche de '.push_back' doit avoir un class/struct/union
     1>src\Module_Chateau\Src\Grains.cpp(6): error C2228: la partie gauche de '.back' doit avoir un class/struct/union
     1>src\Module_Chateau\Src\Grains.cpp(6): error C2228: la partie gauche de '.get' doit avoir un class/struct/union
     1>src\Module_Chateau\Src\Grains.cpp(6): error C2227: la partie gauche de '->setPhysics' doit pointer vers un type class/struct/union/générique
     1>src\Module_Chateau\Src\Grains.cpp(6): error C2597: référence non conforme à un membre non static 'Grains::densite'
     1>src\Module_Chateau\Src\Grains.cpp(6): error C2597: référence non conforme à un membre non static 'Grains::taille'
     1>src\Module_Chateau\Src\Grains.cpp(7): error C2228: la partie gauche de '.back' doit avoir un class/struct/union
     1>src\Module_Chateau\Src\Grains.cpp(7): error C2228: la partie gauche de '.get' doit avoir un class/struct/union
     1>src\Module_Chateau\Src\Grains.cpp(7): error C2227: la partie gauche de '->setup' doit pointer vers un type class/struct/union/générique
     1>src\Module_Chateau\Src\Grains.cpp(7): error C2228: la partie gauche de '.getWorld' doit avoir un class/struct/union
     1>src\Module_Chateau\Src\Grains.cpp(7): error C2228: la partie gauche de '.getX' doit avoir un class/struct/union
     1>src\Module_Chateau\Src\Grains.cpp(7): error C2228: la partie gauche de '.getY' doit avoir un class/struct/union
         testApp.cpp
     1>src\testApp.cpp(60): error C2664: 'Grains::Grains(const Grains &)' : impossible de convertir l'argument 3 de 'Position *' en 'Position'
                 Aucun constructeur n'a pu prendre le type de source, ou la résolution de la surcharge du constructeur était ambiguë
     1>src\testApp.cpp(60): error C2512: 'Grains' : aucun constructeur par défaut approprié disponible
         Génération de code en cours...
     1>Génération du projet "C:\Program Files (x86)\Microsoft Visual Studio 12.0\openFrameworks-VS2013\addons\ofxBox2d\example-Simple\example-Simple.vcxproj" terminée (Build cible(s)) -- ÉCHEC.

ÉCHEC de la build.

Temps écoulé 00:00:07.90
