c:\users\perreiradasil-m\desktop\openframeworks-vs2013\openframeworks-vs2013\addons\ofxbox2d\example-simple\obj\release\ofxbox2dpolygon.obj
c:\users\perreiradasil-m\desktop\openframeworks-vs2013\openframeworks-vs2013\addons\ofxbox2d\example-simple\obj\release\ofxbox2djoint.obj
c:\users\perreiradasil-m\desktop\openframeworks-vs2013\openframeworks-vs2013\addons\ofxbox2d\example-simple\obj\release\ofxbox2dcircle.obj
c:\users\perreiradasil-m\desktop\openframeworks-vs2013\openframeworks-vs2013\addons\ofxbox2d\example-simple\obj\release\ofxbox2dbaseshape.obj
c:\users\perreiradasil-m\desktop\openframeworks-vs2013\openframeworks-vs2013\addons\ofxbox2d\example-simple\obj\release\ofxbox2d.obj
c:\users\perreiradasil-m\desktop\openframeworks-vs2013\openframeworks-vs2013\addons\ofxbox2d\example-simple\obj\release\testapp.obj
c:\users\perreiradasil-m\desktop\openframeworks-vs2013\openframeworks-vs2013\addons\ofxbox2d\example-simple\obj\release\main.obj
c:\users\perreiradasil-m\desktop\openframeworks-vs2013\openframeworks-vs2013\addons\ofxbox2d\example-simple\obj\release\b2rope.obj
c:\users\perreiradasil-m\desktop\openframeworks-vs2013\openframeworks-vs2013\addons\ofxbox2d\example-simple\obj\release\b2wheeljoint.obj
c:\users\perreiradasil-m\desktop\openframeworks-vs2013\openframeworks-vs2013\addons\ofxbox2d\example-simple\obj\release\b2ropejoint.obj
c:\users\perreiradasil-m\desktop\openframeworks-vs2013\openframeworks-vs2013\addons\ofxbox2d\example-simple\obj\release\b2motorjoint.obj
c:\users\perreiradasil-m\desktop\openframeworks-vs2013\openframeworks-vs2013\addons\ofxbox2d\example-simple\obj\release\b2edgeandpolygoncontact.obj
c:\users\perreiradasil-m\desktop\openframeworks-vs2013\openframeworks-vs2013\addons\ofxbox2d\example-simple\obj\release\b2edgeandcirclecontact.obj
c:\users\perreiradasil-m\desktop\openframeworks-vs2013\openframeworks-vs2013\addons\ofxbox2d\example-simple\obj\release\b2chainandpolygoncontact.obj
c:\users\perreiradasil-m\desktop\openframeworks-vs2013\openframeworks-vs2013\addons\ofxbox2d\example-simple\obj\release\b2chainandcirclecontact.obj
c:\users\perreiradasil-m\desktop\openframeworks-vs2013\openframeworks-vs2013\addons\ofxbox2d\example-simple\obj\release\b2timer.obj
c:\users\perreiradasil-m\desktop\openframeworks-vs2013\openframeworks-vs2013\addons\ofxbox2d\example-simple\obj\release\b2draw.obj
c:\users\perreiradasil-m\desktop\openframeworks-vs2013\openframeworks-vs2013\addons\ofxbox2d\example-simple\obj\release\b2edgeshape.obj
c:\users\perreiradasil-m\desktop\openframeworks-vs2013\openframeworks-vs2013\addons\ofxbox2d\example-simple\obj\release\b2chainshape.obj
c:\users\perreiradasil-m\desktop\openframeworks-vs2013\openframeworks-vs2013\addons\ofxbox2d\example-simple\obj\release\b2collideedge.obj
c:\users\perreiradasil-m\desktop\openframeworks-vs2013\openframeworks-vs2013\addons\ofxbox2d\example-simple\obj\release\b2worldcallbacks.obj
c:\users\perreiradasil-m\desktop\openframeworks-vs2013\openframeworks-vs2013\addons\ofxbox2d\example-simple\obj\release\b2world.obj
c:\users\perreiradasil-m\desktop\openframeworks-vs2013\openframeworks-vs2013\addons\ofxbox2d\example-simple\obj\release\b2island.obj
c:\users\perreiradasil-m\desktop\openframeworks-vs2013\openframeworks-vs2013\addons\ofxbox2d\example-simple\obj\release\b2fixture.obj
c:\users\perreiradasil-m\desktop\openframeworks-vs2013\openframeworks-vs2013\addons\ofxbox2d\example-simple\obj\release\b2contactmanager.obj
c:\users\perreiradasil-m\desktop\openframeworks-vs2013\openframeworks-vs2013\addons\ofxbox2d\example-simple\obj\release\b2body.obj
c:\users\perreiradasil-m\desktop\openframeworks-vs2013\openframeworks-vs2013\addons\ofxbox2d\example-simple\obj\release\b2stackallocator.obj
c:\users\perreiradasil-m\desktop\openframeworks-vs2013\openframeworks-vs2013\addons\ofxbox2d\example-simple\obj\release\b2settings.obj
c:\users\perreiradasil-m\desktop\openframeworks-vs2013\openframeworks-vs2013\addons\ofxbox2d\example-simple\obj\release\b2math.obj
c:\users\perreiradasil-m\desktop\openframeworks-vs2013\openframeworks-vs2013\addons\ofxbox2d\example-simple\obj\release\b2blockallocator.obj
c:\users\perreiradasil-m\desktop\openframeworks-vs2013\openframeworks-vs2013\addons\ofxbox2d\example-simple\obj\release\b2polygonshape.obj
c:\users\perreiradasil-m\desktop\openframeworks-vs2013\openframeworks-vs2013\addons\ofxbox2d\example-simple\obj\release\b2circleshape.obj
c:\users\perreiradasil-m\desktop\openframeworks-vs2013\openframeworks-vs2013\addons\ofxbox2d\example-simple\obj\release\b2timeofimpact.obj
c:\users\perreiradasil-m\desktop\openframeworks-vs2013\openframeworks-vs2013\addons\ofxbox2d\example-simple\obj\release\b2dynamictree.obj
c:\users\perreiradasil-m\desktop\openframeworks-vs2013\openframeworks-vs2013\addons\ofxbox2d\example-simple\obj\release\b2distance.obj
c:\users\perreiradasil-m\desktop\openframeworks-vs2013\openframeworks-vs2013\addons\ofxbox2d\example-simple\obj\release\b2collision.obj
c:\users\perreiradasil-m\desktop\openframeworks-vs2013\openframeworks-vs2013\addons\ofxbox2d\example-simple\obj\release\b2collidepolygon.obj
c:\users\perreiradasil-m\desktop\openframeworks-vs2013\openframeworks-vs2013\addons\ofxbox2d\example-simple\obj\release\b2collidecircle.obj
c:\users\perreiradasil-m\desktop\openframeworks-vs2013\openframeworks-vs2013\addons\ofxbox2d\example-simple\obj\release\b2broadphase.obj
c:\users\perreiradasil-m\desktop\openframeworks-vs2013\openframeworks-vs2013\addons\ofxbox2d\example-simple\obj\release\ofxbox2drect.obj
c:\users\perreiradasil-m\desktop\openframeworks-vs2013\openframeworks-vs2013\addons\ofxbox2d\example-simple\obj\release\del_impl.obj
c:\users\perreiradasil-m\desktop\openframeworks-vs2013\openframeworks-vs2013\addons\ofxbox2d\example-simple\obj\release\b2weldjoint.obj
c:\users\perreiradasil-m\desktop\openframeworks-vs2013\openframeworks-vs2013\addons\ofxbox2d\example-simple\obj\release\b2revolutejoint.obj
c:\users\perreiradasil-m\desktop\openframeworks-vs2013\openframeworks-vs2013\addons\ofxbox2d\example-simple\obj\release\b2pulleyjoint.obj
c:\users\perreiradasil-m\desktop\openframeworks-vs2013\openframeworks-vs2013\addons\ofxbox2d\example-simple\obj\release\b2prismaticjoint.obj
c:\users\perreiradasil-m\desktop\openframeworks-vs2013\openframeworks-vs2013\addons\ofxbox2d\example-simple\obj\release\b2mousejoint.obj
c:\users\perreiradasil-m\desktop\openframeworks-vs2013\openframeworks-vs2013\addons\ofxbox2d\example-simple\obj\release\b2joint.obj
c:\users\perreiradasil-m\desktop\openframeworks-vs2013\openframeworks-vs2013\addons\ofxbox2d\example-simple\obj\release\b2gearjoint.obj
c:\users\perreiradasil-m\desktop\openframeworks-vs2013\openframeworks-vs2013\addons\ofxbox2d\example-simple\obj\release\b2frictionjoint.obj
c:\users\perreiradasil-m\desktop\openframeworks-vs2013\openframeworks-vs2013\addons\ofxbox2d\example-simple\obj\release\b2distancejoint.obj
c:\users\perreiradasil-m\desktop\openframeworks-vs2013\openframeworks-vs2013\addons\ofxbox2d\example-simple\obj\release\b2polygoncontact.obj
c:\users\perreiradasil-m\desktop\openframeworks-vs2013\openframeworks-vs2013\addons\ofxbox2d\example-simple\obj\release\b2polygonandcirclecontact.obj
c:\users\perreiradasil-m\desktop\openframeworks-vs2013\openframeworks-vs2013\addons\ofxbox2d\example-simple\obj\release\b2contactsolver.obj
c:\users\perreiradasil-m\desktop\openframeworks-vs2013\openframeworks-vs2013\addons\ofxbox2d\example-simple\obj\release\b2contact.obj
c:\users\perreiradasil-m\desktop\openframeworks-vs2013\openframeworks-vs2013\addons\ofxbox2d\example-simple\obj\release\b2circlecontact.obj
c:\users\perreiradasil-m\desktop\openframeworks-vs2013\openframeworks-vs2013\addons\ofxbox2d\example-simple\bin\example-simple.lib
c:\users\perreiradasil-m\desktop\openframeworks-vs2013\openframeworks-vs2013\addons\ofxbox2d\example-simple\bin\example-simple.exp
c:\users\perreiradasil-m\desktop\openframeworks-vs2013\openframeworks-vs2013\addons\ofxbox2d\example-simple\bin\example-simple.exe
c:\users\perreiradasil-m\desktop\openframeworks-vs2013\addons\ofxbox2d\example-simple\obj\release\b2blockallocator.obj
c:\users\perreiradasil-m\desktop\openframeworks-vs2013\addons\ofxbox2d\example-simple\obj\release\b2body.obj
c:\users\perreiradasil-m\desktop\openframeworks-vs2013\addons\ofxbox2d\example-simple\obj\release\b2broadphase.obj
c:\users\perreiradasil-m\desktop\openframeworks-vs2013\addons\ofxbox2d\example-simple\obj\release\b2chainandcirclecontact.obj
c:\users\perreiradasil-m\desktop\openframeworks-vs2013\addons\ofxbox2d\example-simple\obj\release\b2chainandpolygoncontact.obj
c:\users\perreiradasil-m\desktop\openframeworks-vs2013\addons\ofxbox2d\example-simple\obj\release\b2chainshape.obj
c:\users\perreiradasil-m\desktop\openframeworks-vs2013\addons\ofxbox2d\example-simple\obj\release\b2circlecontact.obj
c:\users\perreiradasil-m\desktop\openframeworks-vs2013\addons\ofxbox2d\example-simple\obj\release\b2circleshape.obj
c:\users\perreiradasil-m\desktop\openframeworks-vs2013\addons\ofxbox2d\example-simple\obj\release\b2collidecircle.obj
c:\users\perreiradasil-m\desktop\openframeworks-vs2013\addons\ofxbox2d\example-simple\obj\release\b2collideedge.obj
c:\users\perreiradasil-m\desktop\openframeworks-vs2013\addons\ofxbox2d\example-simple\obj\release\b2collidepolygon.obj
c:\users\perreiradasil-m\desktop\openframeworks-vs2013\addons\ofxbox2d\example-simple\obj\release\b2collision.obj
c:\users\perreiradasil-m\desktop\openframeworks-vs2013\addons\ofxbox2d\example-simple\obj\release\b2contact.obj
c:\users\perreiradasil-m\desktop\openframeworks-vs2013\addons\ofxbox2d\example-simple\obj\release\b2contactmanager.obj
c:\users\perreiradasil-m\desktop\openframeworks-vs2013\addons\ofxbox2d\example-simple\obj\release\b2contactsolver.obj
c:\users\perreiradasil-m\desktop\openframeworks-vs2013\addons\ofxbox2d\example-simple\obj\release\b2distance.obj
c:\users\perreiradasil-m\desktop\openframeworks-vs2013\addons\ofxbox2d\example-simple\obj\release\b2distancejoint.obj
c:\users\perreiradasil-m\desktop\openframeworks-vs2013\addons\ofxbox2d\example-simple\obj\release\b2draw.obj
c:\users\perreiradasil-m\desktop\openframeworks-vs2013\addons\ofxbox2d\example-simple\obj\release\b2dynamictree.obj
c:\users\perreiradasil-m\desktop\openframeworks-vs2013\addons\ofxbox2d\example-simple\obj\release\b2edgeandcirclecontact.obj
c:\users\perreiradasil-m\desktop\openframeworks-vs2013\addons\ofxbox2d\example-simple\obj\release\b2edgeandpolygoncontact.obj
c:\users\perreiradasil-m\desktop\openframeworks-vs2013\addons\ofxbox2d\example-simple\obj\release\b2edgeshape.obj
c:\users\perreiradasil-m\desktop\openframeworks-vs2013\addons\ofxbox2d\example-simple\obj\release\b2fixture.obj
c:\users\perreiradasil-m\desktop\openframeworks-vs2013\addons\ofxbox2d\example-simple\obj\release\b2frictionjoint.obj
c:\users\perreiradasil-m\desktop\openframeworks-vs2013\addons\ofxbox2d\example-simple\obj\release\b2gearjoint.obj
c:\users\perreiradasil-m\desktop\openframeworks-vs2013\addons\ofxbox2d\example-simple\obj\release\b2island.obj
c:\users\perreiradasil-m\desktop\openframeworks-vs2013\addons\ofxbox2d\example-simple\obj\release\b2joint.obj
c:\users\perreiradasil-m\desktop\openframeworks-vs2013\addons\ofxbox2d\example-simple\obj\release\b2math.obj
c:\users\perreiradasil-m\desktop\openframeworks-vs2013\addons\ofxbox2d\example-simple\obj\release\b2motorjoint.obj
c:\users\perreiradasil-m\desktop\openframeworks-vs2013\addons\ofxbox2d\example-simple\obj\release\b2mousejoint.obj
c:\users\perreiradasil-m\desktop\openframeworks-vs2013\addons\ofxbox2d\example-simple\obj\release\b2polygonandcirclecontact.obj
c:\users\perreiradasil-m\desktop\openframeworks-vs2013\addons\ofxbox2d\example-simple\obj\release\b2polygoncontact.obj
c:\users\perreiradasil-m\desktop\openframeworks-vs2013\addons\ofxbox2d\example-simple\obj\release\b2polygonshape.obj
c:\users\perreiradasil-m\desktop\openframeworks-vs2013\addons\ofxbox2d\example-simple\obj\release\b2prismaticjoint.obj
c:\users\perreiradasil-m\desktop\openframeworks-vs2013\addons\ofxbox2d\example-simple\obj\release\b2pulleyjoint.obj
c:\users\perreiradasil-m\desktop\openframeworks-vs2013\addons\ofxbox2d\example-simple\obj\release\b2revolutejoint.obj
c:\users\perreiradasil-m\desktop\openframeworks-vs2013\addons\ofxbox2d\example-simple\obj\release\b2rope.obj
c:\users\perreiradasil-m\desktop\openframeworks-vs2013\addons\ofxbox2d\example-simple\obj\release\b2ropejoint.obj
c:\users\perreiradasil-m\desktop\openframeworks-vs2013\addons\ofxbox2d\example-simple\obj\release\b2settings.obj
c:\users\perreiradasil-m\desktop\openframeworks-vs2013\addons\ofxbox2d\example-simple\obj\release\b2stackallocator.obj
c:\users\perreiradasil-m\desktop\openframeworks-vs2013\addons\ofxbox2d\example-simple\obj\release\b2timeofimpact.obj
c:\users\perreiradasil-m\desktop\openframeworks-vs2013\addons\ofxbox2d\example-simple\obj\release\b2timer.obj
c:\users\perreiradasil-m\desktop\openframeworks-vs2013\addons\ofxbox2d\example-simple\obj\release\b2weldjoint.obj
c:\users\perreiradasil-m\desktop\openframeworks-vs2013\addons\ofxbox2d\example-simple\obj\release\b2wheeljoint.obj
c:\users\perreiradasil-m\desktop\openframeworks-vs2013\addons\ofxbox2d\example-simple\obj\release\b2world.obj
c:\users\perreiradasil-m\desktop\openframeworks-vs2013\addons\ofxbox2d\example-simple\obj\release\b2worldcallbacks.obj
c:\users\perreiradasil-m\desktop\openframeworks-vs2013\addons\ofxbox2d\example-simple\obj\release\del_impl.obj
c:\users\perreiradasil-m\desktop\openframeworks-vs2013\addons\ofxbox2d\example-simple\obj\release\main.obj
c:\users\perreiradasil-m\desktop\openframeworks-vs2013\addons\ofxbox2d\example-simple\obj\release\ofxbox2d.obj
c:\users\perreiradasil-m\desktop\openframeworks-vs2013\addons\ofxbox2d\example-simple\obj\release\ofxbox2dbaseshape.obj
c:\users\perreiradasil-m\desktop\openframeworks-vs2013\addons\ofxbox2d\example-simple\obj\release\ofxbox2dcircle.obj
c:\users\perreiradasil-m\desktop\openframeworks-vs2013\addons\ofxbox2d\example-simple\obj\release\ofxbox2djoint.obj
c:\users\perreiradasil-m\desktop\openframeworks-vs2013\addons\ofxbox2d\example-simple\obj\release\ofxbox2dpolygon.obj
c:\users\perreiradasil-m\desktop\openframeworks-vs2013\addons\ofxbox2d\example-simple\obj\release\ofxbox2drect.obj
c:\users\perreiradasil-m\desktop\openframeworks-vs2013\addons\ofxbox2d\example-simple\obj\release\testapp.obj
c:\users\perreiradasil-m\desktop\openframeworks-vs2013\addons\ofxbox2d\example-simple\bin\example-simple.exe
c:\users\perreiradasil-m\desktop\openframeworks-vs2013\addons\ofxbox2d\example-simple\obj\release\example-simple.tlog\cl.command.1.tlog
c:\users\perreiradasil-m\desktop\openframeworks-vs2013\addons\ofxbox2d\example-simple\obj\release\example-simple.tlog\cl.read.1.tlog
c:\users\perreiradasil-m\desktop\openframeworks-vs2013\addons\ofxbox2d\example-simple\obj\release\example-simple.tlog\cl.write.1.tlog
c:\users\perreiradasil-m\desktop\openframeworks-vs2013\addons\ofxbox2d\example-simple\obj\release\example-simple.tlog\example-simple.write.1u.tlog
c:\users\perreiradasil-m\desktop\openframeworks-vs2013\addons\ofxbox2d\example-simple\obj\release\example-simple.tlog\link.command.1.tlog
c:\users\perreiradasil-m\desktop\openframeworks-vs2013\addons\ofxbox2d\example-simple\obj\release\example-simple.tlog\link.read.1.tlog
c:\users\perreiradasil-m\desktop\openframeworks-vs2013\addons\ofxbox2d\example-simple\obj\release\example-simple.tlog\link.write.1.tlog
